[debug] [2025-12-18T12:17:21.565Z] ----------------------------------------------------------------------
[debug] [2025-12-18T12:17:21.570Z] Command:       C:\Program Files\nodejs\node.exe C:\Users\SURFACE\AppData\Roaming\npm\node_modules\firebase-tools\lib\bin\firebase.js emulators:start --only functions
[debug] [2025-12-18T12:17:21.570Z] CLI Version:   15.0.0
[debug] [2025-12-18T12:17:21.570Z] Platform:      win32
[debug] [2025-12-18T12:17:21.571Z] Node Version:  v24.11.0
[debug] [2025-12-18T12:17:21.571Z] Time:          Thu Dec 18 2025 15:17:21 GMT+0300 (East Africa Time)
[debug] [2025-12-18T12:17:21.571Z] ----------------------------------------------------------------------
[debug] 
[debug] [2025-12-18T12:17:21.574Z] >>> [apiv2][query] GET https://firebase-public.firebaseio.com/cli.json [none]
[debug] [2025-12-18T12:17:28.272Z] > command requires scopes: ["email","openid","https://www.googleapis.com/auth/cloudplatformprojects.readonly","https://www.googleapis.com/auth/firebase","https://www.googleapis.com/auth/cloud-platform"]
[debug] [2025-12-18T12:17:28.273Z] > authorizing via signed-in user (lamichache@gmail.com)
[info] i  emulators: Starting emulators: functions {"metadata":{"emulator":{"name":"hub"},"message":"Starting emulators: functions"}}
[debug] [2025-12-18T12:17:28.299Z] [logging] Logging Emulator only supports listening on one address (127.0.0.1). Not listening on ::1
[debug] [2025-12-18T12:17:28.300Z] assigned listening specs for emulators {"user":{"hub":[{"address":"127.0.0.1","family":"IPv4","port":4400},{"address":"::1","family":"IPv6","port":4400}],"ui":[{"address":"127.0.0.1","family":"IPv4","port":4000},{"address":"::1","family":"IPv6","port":4000}],"logging":[{"address":"127.0.0.1","family":"IPv4","port":4500}]},"metadata":{"message":"assigned listening specs for emulators"}}
[debug] [2025-12-18T12:17:28.316Z] Emulator locator file path: C:\Users\SURFACE\AppData\Local\Temp\hub-clone-27fc0.json
[debug] [2025-12-18T12:17:28.317Z] [hub] writing locator at C:\Users\SURFACE\AppData\Local\Temp\hub-clone-27fc0.json
[debug] [2025-12-18T12:17:28.358Z] [functions] Functions Emulator only supports listening on one address (127.0.0.1). Not listening on ::1
[debug] [2025-12-18T12:17:28.359Z] [eventarc] Eventarc Emulator only supports listening on one address (127.0.0.1). Not listening on ::1
[debug] [2025-12-18T12:17:28.359Z] [tasks] Cloud Tasks Emulator only supports listening on one address (127.0.0.1). Not listening on ::1
[debug] [2025-12-18T12:17:28.359Z] late-assigned ports for functions and eventarc emulators {"user":{"hub":[{"address":"127.0.0.1","family":"IPv4","port":4400},{"address":"::1","family":"IPv6","port":4400}],"ui":[{"address":"127.0.0.1","family":"IPv4","port":4000},{"address":"::1","family":"IPv6","port":4000}],"logging":[{"address":"127.0.0.1","family":"IPv4","port":4500}],"functions":[{"address":"127.0.0.1","family":"IPv4","port":5001}],"eventarc":[{"address":"127.0.0.1","family":"IPv4","port":9299}],"tasks":[{"address":"127.0.0.1","family":"IPv4","port":9499}]},"metadata":{"message":"late-assigned ports for functions and eventarc emulators"}}
[warn] !  functions: The following emulators are not running, calls to these services from the Functions emulator will affect production: apphosting, auth, firestore, database, hosting, pubsub, storage, dataconnect {"metadata":{"emulator":{"name":"functions"},"message":"The following emulators are not running, calls to these services from the Functions emulator will affect production: \u001b[1mapphosting, auth, firestore, database, hosting, pubsub, storage, dataconnect\u001b[22m"}}
[debug] [2025-12-18T12:17:28.421Z] defaultcredentials: writing to file C:\Users\SURFACE\AppData\Roaming\firebase\lamichache_gmail_com_application_default_credentials.json
[debug] [2025-12-18T12:17:28.424Z] Setting GAC to C:\Users\SURFACE\AppData\Roaming\firebase\lamichache_gmail_com_application_default_credentials.json {"metadata":{"emulator":{"name":"functions"},"message":"Setting GAC to C:\\Users\\SURFACE\\AppData\\Roaming\\firebase\\lamichache_gmail_com_application_default_credentials.json"}}
[debug] [2025-12-18T12:17:28.427Z] Checked if tokens are valid: false, expires at: 1765722638059
[debug] [2025-12-18T12:17:28.428Z] Checked if tokens are valid: false, expires at: 1765722638059
[debug] [2025-12-18T12:17:28.428Z] > refreshing access token with scopes: []
[debug] [2025-12-18T12:17:28.431Z] >>> [apiv2][query] POST https://www.googleapis.com/oauth2/v3/token [none]
[debug] [2025-12-18T12:17:28.431Z] >>> [apiv2][body] POST https://www.googleapis.com/oauth2/v3/token [omitted]
[debug] [2025-12-18T12:17:28.823Z] <<< [apiv2][status] POST https://www.googleapis.com/oauth2/v3/token 200
[debug] [2025-12-18T12:17:28.824Z] <<< [apiv2][body] POST https://www.googleapis.com/oauth2/v3/token [omitted]
[debug] [2025-12-18T12:17:28.859Z] >>> [apiv2][query] GET https://firebase.googleapis.com/v1beta1/projects/clone-27fc0/adminSdkConfig [none]
[debug] [2025-12-18T12:17:28.893Z] <<< [apiv2][status] GET https://firebase-public.firebaseio.com/cli.json 200
[debug] [2025-12-18T12:17:28.894Z] <<< [apiv2][body] GET https://firebase-public.firebaseio.com/cli.json {"cloudBuildErrorAfter":1594252800000,"cloudBuildWarnAfter":1590019200000,"defaultNode10After":1594252800000,"minVersion":"3.0.5","node8DeploysDisabledAfter":1613390400000,"node8RuntimeDisabledAfter":1615809600000,"node8WarnAfter":1600128000000}
[debug] [2025-12-18T12:17:29.577Z] <<< [apiv2][status] GET https://firebase.googleapis.com/v1beta1/projects/clone-27fc0/adminSdkConfig 200
[debug] [2025-12-18T12:17:29.578Z] <<< [apiv2][body] GET https://firebase.googleapis.com/v1beta1/projects/clone-27fc0/adminSdkConfig {"projectId":"clone-27fc0","storageBucket":"clone-27fc0.firebasestorage.app"}
[info] i  functions: Watching "C:\Users\SURFACE\Desktop\ALL IN 1\PROJECTS\REACT\amazonfrontend\functions" for Cloud Functions... {"metadata":{"emulator":{"name":"functions"},"message":"Watching \"C:\\Users\\SURFACE\\Desktop\\ALL IN 1\\PROJECTS\\REACT\\amazonfrontend\\functions\" for Cloud Functions..."}}
[debug] [2025-12-18T12:17:29.708Z] Validating nodejs source
[warn] !  functions: package.json indicates an outdated version of firebase-functions. Please upgrade using npm install --save firebase-functions@latest in your functions directory. 
[debug] [2025-12-18T12:17:32.468Z] > [functions] package.json contents: {
  "name": "functions",
  "description": "Cloud Functions for Firebase",
  "scripts": {
    "serve": "firebase emulators:start --only functions",
    "shell": "firebase functions:shell",
    "start": "npm run shell",
    "deploy": "firebase deploy --only functions",
    "logs": "firebase functions:log"
  },
  "engines": {
    "node": "24"
  },
  "main": "index.js",
  "dependencies": {
    "firebase-admin": "^13.6.0",
    "firebase-functions": "^7.0.0"
  },
  "devDependencies": {
    "firebase-functions-test": "^3.4.1"
  },
  "private": true
}
[debug] [2025-12-18T12:17:32.468Z] Building nodejs source
[debug] [2025-12-18T12:17:32.469Z] Failed to find version of module node: reached end of search path C:\Users\SURFACE\Desktop\ALL IN 1\PROJECTS\REACT\amazonfrontend\functions\node_modules
[info] +  functions: Using node@24 from host. 
[info] i  functions: Loaded environment variables from .env. 
[debug] [2025-12-18T12:17:32.479Z] Could not find functions.yaml. Must use http discovery
[debug] [2025-12-18T12:17:32.497Z] Found firebase-functions binary at 'C:\Users\SURFACE\Desktop\ALL IN 1\PROJECTS\REACT\amazonfrontend\functions\node_modules\.bin\firebase-functions'
[info] Serving at port 8678

[info] [dotenv@17.2.3] injecting env (1) from .env -- tip: âš™ï¸  write to custom object with { processEnv: myObject }

[debug] [2025-12-18T12:17:35.446Z] Got response from /__/functions.yaml {"endpoints":{"api":{"availableMemoryMb":null,"timeoutSeconds":null,"minInstances":null,"maxInstances":null,"ingressSettings":null,"concurrency":null,"serviceAccountEmail":null,"vpc":null,"platform":"gcfv2","labels":{},"httpsTrigger":{},"entryPoint":"api"}},"specVersion":"v1alpha1","requiredAPIs":[],"extensions":{}}
[info] +  functions: Loaded functions definitions from source: api. {"metadata":{"emulator":{"name":"functions"},"message":"Loaded functions definitions from source: api."}}
[info] +  functions[us-central1-api]: http function initialized (http://127.0.0.1:5001/clone-27fc0/us-central1/api). {"metadata":{"emulator":{"name":"functions"},"message":"\u001b[1mhttp\u001b[22m function initialized (http://127.0.0.1:5001/clone-27fc0/us-central1/api)."}}
[debug] [2025-12-18T12:17:39.551Z] Could not find VSCode notification endpoint: FetchError: request to http://localhost:40001/vscode/notify failed, reason: . If you are not running the Firebase Data Connect VSCode extension, this is expected and not an issue.
[info] 
â”Œâ”€â”€â”€â”€â”€â”€â”€â”€â”€â”€â”€â”€â”€â”€â”€â”€â”€â”€â”€â”€â”€â”€â”€â”€â”€â”€â”€â”€â”€â”€â”€â”€â”€â”€â”€â”€â”€â”€â”€â”€â”€â”€â”€â”€â”€â”€â”€â”€â”€â”€â”€â”€â”€â”€â”€â”€â”€â”€â”€â”€â”€â”
â”‚ âœ”  All emulators ready! It is now safe to connect your app. â”‚
â”‚ i  View Emulator UI at http://127.0.0.1:4000/               â”‚
â””â”€â”€â”€â”€â”€â”€â”€â”€â”€â”€â”€â”€â”€â”€â”€â”€â”€â”€â”€â”€â”€â”€â”€â”€â”€â”€â”€â”€â”€â”€â”€â”€â”€â”€â”€â”€â”€â”€â”€â”€â”€â”€â”€â”€â”€â”€â”€â”€â”€â”€â”€â”€â”€â”€â”€â”€â”€â”€â”€â”€â”€â”˜

â”Œâ”€â”€â”€â”€â”€â”€â”€â”€â”€â”€â”€â”¬â”€â”€â”€â”€â”€â”€â”€â”€â”€â”€â”€â”€â”€â”€â”€â”€â”¬â”€â”€â”€â”€â”€â”€â”€â”€â”€â”€â”€â”€â”€â”€â”€â”€â”€â”€â”€â”€â”€â”€â”€â”€â”€â”€â”€â”€â”€â”€â”€â”€â”€â”
â”‚ Emulator  â”‚ Host:Port      â”‚ View in Emulator UI             â”‚
â”œâ”€â”€â”€â”€â”€â”€â”€â”€â”€â”€â”€â”¼â”€â”€â”€â”€â”€â”€â”€â”€â”€â”€â”€â”€â”€â”€â”€â”€â”¼â”€â”€â”€â”€â”€â”€â”€â”€â”€â”€â”€â”€â”€â”€â”€â”€â”€â”€â”€â”€â”€â”€â”€â”€â”€â”€â”€â”€â”€â”€â”€â”€â”€â”¤
â”‚ Functions â”‚ 127.0.0.1:5001 â”‚ http://127.0.0.1:4000/functions â”‚
â””â”€â”€â”€â”€â”€â”€â”€â”€â”€â”€â”€â”´â”€â”€â”€â”€â”€â”€â”€â”€â”€â”€â”€â”€â”€â”€â”€â”€â”´â”€â”€â”€â”€â”€â”€â”€â”€â”€â”€â”€â”€â”€â”€â”€â”€â”€â”€â”€â”€â”€â”€â”€â”€â”€â”€â”€â”€â”€â”€â”€â”€â”€â”˜
  Emulator Hub host: 127.0.0.1 port: 4400
  Other reserved ports: 4500

Issues? Report them at https://github.com/firebase/firebase-tools/issues and attach the *-debug.log files.
 
[debug] [2025-12-18T12:31:07.713Z] [work-queue] {"queuedWork":["/clone-27fc0/us-central1/api-2025-12-18T12:31:07.712Z"],"queueLength":1,"runningWork":[],"workRunningCount":0}
[debug] [2025-12-18T12:31:07.713Z] [work-queue] {"queuedWork":[],"queueLength":0,"runningWork":["/clone-27fc0/us-central1/api-2025-12-18T12:31:07.712Z"],"workRunningCount":1}
[debug] [2025-12-18T12:31:07.714Z] Accepted request GET /clone-27fc0/us-central1/api --> us-central1-api
[debug] [2025-12-18T12:31:07.719Z] [functions] Runtime ready! Sending request! {"metadata":{"emulator":{"name":"functions"},"message":"[functions] Runtime ready! Sending request!"}}
[debug] [2025-12-18T12:31:07.721Z] [functions] Got req.url=/clone-27fc0/us-central1/api, mapping to path=/ {"metadata":{"emulator":{"name":"functions"},"message":"[functions] Got req.url=/clone-27fc0/us-central1/api, mapping to path=/"}}
[info] i  functions: Loaded environment variables from .env. 
[debug] [2025-12-18T12:31:07.743Z] [worker-pool] addWorker(us-central1-api) {"metadata":{"emulator":{"name":"functions"},"message":"[worker-pool] addWorker(us-central1-api)"}}
[debug] [2025-12-18T12:31:07.744Z] [worker-pool] Adding worker with key us-central1-api, total=1 {"metadata":{"emulator":{"name":"functions"},"message":"[worker-pool] Adding worker with key us-central1-api, total=1"}}
[debug] [2025-12-18T12:31:09.622Z] [runtime-status] [18084] Resolved module firebase-admin {"declared":true,"installed":true,"version":"13.6.0","resolution":"C:\\Users\\SURFACE\\Desktop\\ALL IN 1\\PROJECTS\\REACT\\amazonfrontend\\functions\\node_modules\\firebase-admin\\lib\\index.js"} {"metadata":{"emulator":{"name":"functions"},"function":{"name":"us-central1-api"},"extension":{},"message":"[runtime-status] [18084] Resolved module firebase-admin {\"declared\":true,\"installed\":true,\"version\":\"13.6.0\",\"resolution\":\"C:\\\\Users\\\\SURFACE\\\\Desktop\\\\ALL IN 1\\\\PROJECTS\\\\REACT\\\\amazonfrontend\\\\functions\\\\node_modules\\\\firebase-admin\\\\lib\\\\index.js\"}"}}
[debug] [2025-12-18T12:31:09.624Z] [runtime-status] [18084] Resolved module firebase-functions {"declared":true,"installed":true,"version":"7.0.1","resolution":"C:\\Users\\SURFACE\\Desktop\\ALL IN 1\\PROJECTS\\REACT\\amazonfrontend\\functions\\node_modules\\firebase-functions\\lib\\v2\\index.js"} {"metadata":{"emulator":{"name":"functions"},"function":{"name":"us-central1-api"},"extension":{},"message":"[runtime-status] [18084] Resolved module firebase-functions {\"declared\":true,\"installed\":true,\"version\":\"7.0.1\",\"resolution\":\"C:\\\\Users\\\\SURFACE\\\\Desktop\\\\ALL IN 1\\\\PROJECTS\\\\REACT\\\\amazonfrontend\\\\functions\\\\node_modules\\\\firebase-functions\\\\lib\\\\v2\\\\index.js\"}"}}
[debug] [2025-12-18T12:31:09.624Z] [runtime-status] [18084] Outgoing network have been stubbed. [{"name":"http","status":"mocked"},{"name":"http","status":"mocked"},{"name":"https","status":"mocked"},{"name":"https","status":"mocked"},{"name":"net","status":"mocked"}] {"metadata":{"emulator":{"name":"functions"},"function":{"name":"us-central1-api"},"extension":{},"message":"[runtime-status] [18084] Outgoing network have been stubbed. [{\"name\":\"http\",\"status\":\"mocked\"},{\"name\":\"http\",\"status\":\"mocked\"},{\"name\":\"https\",\"status\":\"mocked\"},{\"name\":\"https\",\"status\":\"mocked\"},{\"name\":\"net\",\"status\":\"mocked\"}]"}}
[debug] [2025-12-18T12:31:09.626Z] [runtime-status] [18084] Resolved module firebase-functions {"declared":true,"installed":true,"version":"7.0.1","resolution":"C:\\Users\\SURFACE\\Desktop\\ALL IN 1\\PROJECTS\\REACT\\amazonfrontend\\functions\\node_modules\\firebase-functions\\lib\\v2\\index.js"} {"metadata":{"emulator":{"name":"functions"},"function":{"name":"us-central1-api"},"extension":{},"message":"[runtime-status] [18084] Resolved module firebase-functions {\"declared\":true,\"installed\":true,\"version\":\"7.0.1\",\"resolution\":\"C:\\\\Users\\\\SURFACE\\\\Desktop\\\\ALL IN 1\\\\PROJECTS\\\\REACT\\\\amazonfrontend\\\\functions\\\\node_modules\\\\firebase-functions\\\\lib\\\\v2\\\\index.js\"}"}}
[debug] [2025-12-18T12:31:09.626Z] [runtime-status] [18084] Detected firebase-functions v7+, skipping legacy stubs. {"metadata":{"emulator":{"name":"functions"},"function":{"name":"us-central1-api"},"extension":{},"message":"[runtime-status] [18084] Detected firebase-functions v7+, skipping legacy stubs."}}
[debug] [2025-12-18T12:31:09.627Z] [runtime-status] [18084] Resolved module firebase-admin {"declared":true,"installed":true,"version":"13.6.0","resolution":"C:\\Users\\SURFACE\\Desktop\\ALL IN 1\\PROJECTS\\REACT\\amazonfrontend\\functions\\node_modules\\firebase-admin\\lib\\index.js"} {"metadata":{"emulator":{"name":"functions"},"function":{"name":"us-central1-api"},"extension":{},"message":"[runtime-status] [18084] Resolved module firebase-admin {\"declared\":true,\"installed\":true,\"version\":\"13.6.0\",\"resolution\":\"C:\\\\Users\\\\SURFACE\\\\Desktop\\\\ALL IN 1\\\\PROJECTS\\\\REACT\\\\amazonfrontend\\\\functions\\\\node_modules\\\\firebase-admin\\\\lib\\\\index.js\"}"}}
[debug] [2025-12-18T12:31:09.787Z] [runtime-status] [18084] Resolved module firebase-functions {"declared":true,"installed":true,"version":"7.0.1","resolution":"C:\\Users\\SURFACE\\Desktop\\ALL IN 1\\PROJECTS\\REACT\\amazonfrontend\\functions\\node_modules\\firebase-functions\\lib\\v2\\index.js"} {"metadata":{"emulator":{"name":"functions"},"function":{"name":"us-central1-api"},"extension":{},"message":"[runtime-status] [18084] Resolved module firebase-functions {\"declared\":true,\"installed\":true,\"version\":\"7.0.1\",\"resolution\":\"C:\\\\Users\\\\SURFACE\\\\Desktop\\\\ALL IN 1\\\\PROJECTS\\\\REACT\\\\amazonfrontend\\\\functions\\\\node_modules\\\\firebase-functions\\\\lib\\\\v2\\\\index.js\"}"}}
[debug] [2025-12-18T12:31:10.729Z] [runtime-status] [18084] firebase-admin has been stubbed. {"adminResolution":{"declared":true,"installed":true,"version":"13.6.0","resolution":"C:\\Users\\SURFACE\\Desktop\\ALL IN 1\\PROJECTS\\REACT\\amazonfrontend\\functions\\node_modules\\firebase-admin\\lib\\index.js"}} {"metadata":{"emulator":{"name":"functions"},"function":{"name":"us-central1-api"},"extension":{},"message":"[runtime-status] [18084] firebase-admin has been stubbed. {\"adminResolution\":{\"declared\":true,\"installed\":true,\"version\":\"13.6.0\",\"resolution\":\"C:\\\\Users\\\\SURFACE\\\\Desktop\\\\ALL IN 1\\\\PROJECTS\\\\REACT\\\\amazonfrontend\\\\functions\\\\node_modules\\\\firebase-admin\\\\lib\\\\index.js\"}}"}}
[info] >  [dotenv@17.2.3] injecting env (0) from .env -- tip: ðŸ› ï¸  run anywhere with `dotenvx run -- yourcommand` {"user":"[dotenv@17.2.3] injecting env (0) from .env -- tip: ðŸ› ï¸  run anywhere with `dotenvx run -- yourcommand`","metadata":{"emulator":{"name":"functions"},"function":{"name":"us-central1-api"},"extension":{},"message":"\u001b[90m> \u001b[39m [dotenv@17.2.3] injecting env (0) from .env -- tip: ðŸ› ï¸  run anywhere with `dotenvx run -- yourcommand`"}}
[debug] [2025-12-18T12:31:11.149Z] [runtime-status] [18084] Functions runtime initialized. {"cwd":"C:\\Users\\SURFACE\\Desktop\\ALL IN 1\\PROJECTS\\REACT\\amazonfrontend\\functions","node_version":"24.11.0"} {"metadata":{"emulator":{"name":"functions"},"function":{"name":"us-central1-api"},"extension":{},"message":"[runtime-status] [18084] Functions runtime initialized. {\"cwd\":\"C:\\\\Users\\\\SURFACE\\\\Desktop\\\\ALL IN 1\\\\PROJECTS\\\\REACT\\\\amazonfrontend\\\\functions\",\"node_version\":\"24.11.0\"}"}}
[debug] [2025-12-18T12:31:11.149Z] [runtime-status] [18084] Listening to port: \\?\pipe\fire_emu_cea9df2d06ad0752 {"metadata":{"emulator":{"name":"functions"},"function":{"name":"us-central1-api"},"extension":{},"message":"[runtime-status] [18084] Listening to port: \\\\?\\pipe\\fire_emu_cea9df2d06ad0752"}}
[debug] [2025-12-18T12:31:11.214Z] [worker-us-central1-api-c2e93aa6-ee6a-4909-bcdb-0edd27a9cdd3]: IDLE {"metadata":{"emulator":{"name":"functions"},"function":{"name":"us-central1-api"},"extension":{},"message":"[worker-us-central1-api-c2e93aa6-ee6a-4909-bcdb-0edd27a9cdd3]: IDLE"}}
[debug] [2025-12-18T12:31:11.214Z] [worker-pool] submitRequest(triggerId=us-central1-api) {"metadata":{"emulator":{"name":"functions"},"message":"[worker-pool] submitRequest(triggerId=us-central1-api)"}}
[info] i  functions: Beginning execution of "us-central1-api" {"metadata":{"emulator":{"name":"functions"},"function":{"name":"us-central1-api"},"extension":{},"message":"Beginning execution of \"us-central1-api\""}}
[debug] [2025-12-18T12:31:11.215Z] [worker-us-central1-api-c2e93aa6-ee6a-4909-bcdb-0edd27a9cdd3]: BUSY {"metadata":{"emulator":{"name":"functions"},"function":{"name":"us-central1-api"},"extension":{},"message":"[worker-us-central1-api-c2e93aa6-ee6a-4909-bcdb-0edd27a9cdd3]: BUSY"}}
[debug] [2025-12-18T12:31:11.228Z] Finishing up request with event=pause {"metadata":{"emulator":{"name":"functions"},"function":{"name":"us-central1-api"},"extension":{},"message":"Finishing up request with event=pause"}}
[info] i  functions: Finished "us-central1-api" in 13.4367ms {"metadata":{"emulator":{"name":"functions"},"function":{"name":"us-central1-api"},"extension":{},"message":"Finished \"us-central1-api\" in 13.4367ms"}}
[debug] [2025-12-18T12:31:11.230Z] [worker-us-central1-api-c2e93aa6-ee6a-4909-bcdb-0edd27a9cdd3]: IDLE {"metadata":{"emulator":{"name":"functions"},"function":{"name":"us-central1-api"},"extension":{},"message":"[worker-us-central1-api-c2e93aa6-ee6a-4909-bcdb-0edd27a9cdd3]: IDLE"}}
[debug] [2025-12-18T12:31:11.230Z] Finishing up request with event=finish {"metadata":{"emulator":{"name":"functions"},"function":{"name":"us-central1-api"},"extension":{},"message":"Finishing up request with event=finish"}}
[debug] [2025-12-18T12:31:11.230Z] Finishing up request with event=close {"metadata":{"emulator":{"name":"functions"},"function":{"name":"us-central1-api"},"extension":{},"message":"Finishing up request with event=close"}}
[debug] [2025-12-18T12:31:11.231Z] [work-queue] {"queuedWork":[],"queueLength":0,"runningWork":[],"workRunningCount":0}
[debug] [2025-12-18T12:31:11.300Z] Functions emulator received unknown request at path /favicon.ico
[debug] [2025-12-18T13:31:49.031Z] [work-queue] {"queuedWork":["/clone-27fc0/us-central1/api/payment/create-2025-12-18T13:31:49.030Z"],"queueLength":1,"runningWork":[],"workRunningCount":0}
[debug] [2025-12-18T13:31:49.034Z] [work-queue] {"queuedWork":[],"queueLength":0,"runningWork":["/clone-27fc0/us-central1/api/payment/create-2025-12-18T13:31:49.030Z"],"workRunningCount":1}
[debug] [2025-12-18T13:31:49.034Z] Accepted request POST /clone-27fc0/us-central1/api/payment/create?total=132.25 --> us-central1-api
[debug] [2025-12-18T13:31:49.048Z] [functions] Runtime ready! Sending request! {"metadata":{"emulator":{"name":"functions"},"message":"[functions] Runtime ready! Sending request!"}}
[debug] [2025-12-18T13:31:49.050Z] [functions] Got req.url=/clone-27fc0/us-central1/api/payment/create?total=132.25, mapping to path=/payment/create?total=132.25 {"metadata":{"emulator":{"name":"functions"},"message":"[functions] Got req.url=/clone-27fc0/us-central1/api/payment/create?total=132.25, mapping to path=/payment/create?total=132.25"}}
[debug] [2025-12-18T13:31:49.050Z] [worker-pool] submitRequest(triggerId=us-central1-api) {"metadata":{"emulator":{"name":"functions"},"message":"[worker-pool] submitRequest(triggerId=us-central1-api)"}}
[info] i  functions: Beginning execution of "us-central1-api" {"metadata":{"emulator":{"name":"functions"},"function":{"name":"us-central1-api"},"extension":{},"message":"Beginning execution of \"us-central1-api\""}}
[debug] [2025-12-18T13:31:49.053Z] [worker-us-central1-api-c2e93aa6-ee6a-4909-bcdb-0edd27a9cdd3]: BUSY {"metadata":{"emulator":{"name":"functions"},"function":{"name":"us-central1-api"},"extension":{},"message":"[worker-us-central1-api-c2e93aa6-ee6a-4909-bcdb-0edd27a9cdd3]: BUSY"}}
[debug] [2025-12-18T13:31:49.115Z] Finishing up request with event=pause {"metadata":{"emulator":{"name":"functions"},"function":{"name":"us-central1-api"},"extension":{},"message":"Finishing up request with event=pause"}}
[info] i  functions: Finished "us-central1-api" in 63.0012ms {"metadata":{"emulator":{"name":"functions"},"function":{"name":"us-central1-api"},"extension":{},"message":"Finished \"us-central1-api\" in 63.0012ms"}}
[debug] [2025-12-18T13:31:49.118Z] [worker-us-central1-api-c2e93aa6-ee6a-4909-bcdb-0edd27a9cdd3]: IDLE {"metadata":{"emulator":{"name":"functions"},"function":{"name":"us-central1-api"},"extension":{},"message":"[worker-us-central1-api-c2e93aa6-ee6a-4909-bcdb-0edd27a9cdd3]: IDLE"}}
[debug] [2025-12-18T13:31:49.119Z] Finishing up request with event=finish {"metadata":{"emulator":{"name":"functions"},"function":{"name":"us-central1-api"},"extension":{},"message":"Finishing up request with event=finish"}}
[debug] [2025-12-18T13:31:49.120Z] Finishing up request with event=close {"metadata":{"emulator":{"name":"functions"},"function":{"name":"us-central1-api"},"extension":{},"message":"Finishing up request with event=close"}}
[debug] [2025-12-18T13:31:49.120Z] [work-queue] {"queuedWork":[],"queueLength":0,"runningWork":[],"workRunningCount":0}
[debug] [2025-12-18T13:34:51.662Z] File C:\Users\SURFACE\Desktop\ALL IN 1\PROJECTS\REACT\amazonfrontend\functions\index.js changed, reloading triggers {"metadata":{"emulator":{"name":"functions"},"message":"File C:\\Users\\SURFACE\\Desktop\\ALL IN 1\\PROJECTS\\REACT\\amazonfrontend\\functions\\index.js changed, reloading triggers"}}
[debug] [2025-12-18T13:34:52.679Z] Validating nodejs source
[warn] !  functions: package.json indicates an outdated version of firebase-functions. Please upgrade using npm install --save firebase-functions@latest in your functions directory. 
[debug] [2025-12-18T13:34:55.398Z] > [functions] package.json contents: {
  "name": "functions",
  "description": "Cloud Functions for Firebase",
  "scripts": {
    "serve": "firebase emulators:start --only functions",
    "shell": "firebase functions:shell",
    "start": "npm run shell",
    "deploy": "firebase deploy --only functions",
    "logs": "firebase functions:log"
  },
  "engines": {
    "node": "24"
  },
  "main": "index.js",
  "dependencies": {
    "firebase-admin": "^13.6.0",
    "firebase-functions": "^7.0.0"
  },
  "devDependencies": {
    "firebase-functions-test": "^3.4.1"
  },
  "private": true
}
[debug] [2025-12-18T13:34:55.399Z] Building nodejs source
[debug] [2025-12-18T13:34:55.399Z] Failed to find version of module node: reached end of search path C:\Users\SURFACE\Desktop\ALL IN 1\PROJECTS\REACT\amazonfrontend\functions\node_modules
[info] +  functions: Using node@24 from host. 
[info] i  functions: Loaded environment variables from .env. 
[debug] [2025-12-18T13:34:55.404Z] Could not find functions.yaml. Must use http discovery
[debug] [2025-12-18T13:34:55.426Z] Found firebase-functions binary at 'C:\Users\SURFACE\Desktop\ALL IN 1\PROJECTS\REACT\amazonfrontend\functions\node_modules\.bin\firebase-functions'
[info] Serving at port 8200

[info] [dotenv@17.2.3] injecting env (1) from .env -- tip: ðŸ”‘ add access controls to secrets: https://dotenvx.com/ops

[debug] [2025-12-18T13:34:57.405Z] Got response from /__/functions.yaml {"endpoints":{"api":{"availableMemoryMb":null,"timeoutSeconds":null,"minInstances":null,"maxInstances":null,"ingressSettings":null,"concurrency":null,"serviceAccountEmail":null,"vpc":null,"platform":"gcfv2","labels":{},"httpsTrigger":{},"entryPoint":"api"}},"specVersion":"v1alpha1","requiredAPIs":[],"extensions":{}}
[info] +  functions: Loaded functions definitions from source: api. {"metadata":{"emulator":{"name":"functions"},"message":"Loaded functions definitions from source: api."}}
[debug] [2025-12-18T13:35:01.474Z] [worker-pool] Shutting down IDLE worker (us-central1-api) {"metadata":{"emulator":{"name":"functions"},"message":"[worker-pool] Shutting down IDLE worker (us-central1-api)"}}
[debug] [2025-12-18T13:35:01.474Z] [worker-us-central1-api-c2e93aa6-ee6a-4909-bcdb-0edd27a9cdd3]: FINISHING {"metadata":{"emulator":{"name":"functions"},"function":{"name":"us-central1-api"},"extension":{},"message":"[worker-us-central1-api-c2e93aa6-ee6a-4909-bcdb-0edd27a9cdd3]: FINISHING"}}
[debug] [2025-12-18T13:35:01.492Z] [worker-us-central1-api-c2e93aa6-ee6a-4909-bcdb-0edd27a9cdd3]: exited {"metadata":{"emulator":{"name":"functions"},"function":{"name":"us-central1-api"},"extension":{},"message":"[worker-us-central1-api-c2e93aa6-ee6a-4909-bcdb-0edd27a9cdd3]: exited"}}
[debug] [2025-12-18T13:35:01.493Z] [worker-us-central1-api-c2e93aa6-ee6a-4909-bcdb-0edd27a9cdd3]: FINISHED {"metadata":{"emulator":{"name":"functions"},"function":{"name":"us-central1-api"},"extension":{},"message":"[worker-us-central1-api-c2e93aa6-ee6a-4909-bcdb-0edd27a9cdd3]: FINISHED"}}
[debug] [2025-12-18T13:40:57.315Z] [work-queue] {"queuedWork":["/clone-27fc0/us-central1/api/payment/create-2025-12-18T13:40:57.314Z"],"queueLength":1,"runningWork":[],"workRunningCount":0}
[debug] [2025-12-18T13:40:57.316Z] [work-queue] {"queuedWork":[],"queueLength":0,"runningWork":["/clone-27fc0/us-central1/api/payment/create-2025-12-18T13:40:57.314Z"],"workRunningCount":1}
[debug] [2025-12-18T13:40:57.317Z] Accepted request POST /clone-27fc0/us-central1/api/payment/create?total=204.23000000000002 --> us-central1-api
[debug] [2025-12-18T13:40:57.328Z] [functions] Runtime ready! Sending request! {"metadata":{"emulator":{"name":"functions"},"message":"[functions] Runtime ready! Sending request!"}}
[debug] [2025-12-18T13:40:57.329Z] [functions] Got req.url=/clone-27fc0/us-central1/api/payment/create?total=204.23000000000002, mapping to path=/payment/create?total=204.23000000000002 {"metadata":{"emulator":{"name":"functions"},"message":"[functions] Got req.url=/clone-27fc0/us-central1/api/payment/create?total=204.23000000000002, mapping to path=/payment/create?total=204.23000000000002"}}
[debug] [2025-12-18T13:40:57.330Z] [worker-pool] Cleaned up workers for us-central1-api: 1 --> 0 {"metadata":{"emulator":{"name":"functions"},"message":"[worker-pool] Cleaned up workers for us-central1-api: 1 --> 0"}}
[info] i  functions: Loaded environment variables from .env. 
[debug] [2025-12-18T13:40:57.381Z] [worker-pool] addWorker(us-central1-api) {"metadata":{"emulator":{"name":"functions"},"message":"[worker-pool] addWorker(us-central1-api)"}}
[debug] [2025-12-18T13:40:57.384Z] [worker-pool] Adding worker with key us-central1-api, total=1 {"metadata":{"emulator":{"name":"functions"},"message":"[worker-pool] Adding worker with key us-central1-api, total=1"}}
[debug] [2025-12-18T13:41:00.460Z] [runtime-status] [1808] Resolved module firebase-admin {"declared":true,"installed":true,"version":"13.6.0","resolution":"C:\\Users\\SURFACE\\Desktop\\ALL IN 1\\PROJECTS\\REACT\\amazonfrontend\\functions\\node_modules\\firebase-admin\\lib\\index.js"} {"metadata":{"emulator":{"name":"functions"},"function":{"name":"us-central1-api"},"extension":{},"message":"[runtime-status] [1808] Resolved module firebase-admin {\"declared\":true,\"installed\":true,\"version\":\"13.6.0\",\"resolution\":\"C:\\\\Users\\\\SURFACE\\\\Desktop\\\\ALL IN 1\\\\PROJECTS\\\\REACT\\\\amazonfrontend\\\\functions\\\\node_modules\\\\firebase-admin\\\\lib\\\\index.js\"}"}}
[debug] [2025-12-18T13:41:00.465Z] [runtime-status] [1808] Resolved module firebase-functions {"declared":true,"installed":true,"version":"7.0.1","resolution":"C:\\Users\\SURFACE\\Desktop\\ALL IN 1\\PROJECTS\\REACT\\amazonfrontend\\functions\\node_modules\\firebase-functions\\lib\\v2\\index.js"} {"metadata":{"emulator":{"name":"functions"},"function":{"name":"us-central1-api"},"extension":{},"message":"[runtime-status] [1808] Resolved module firebase-functions {\"declared\":true,\"installed\":true,\"version\":\"7.0.1\",\"resolution\":\"C:\\\\Users\\\\SURFACE\\\\Desktop\\\\ALL IN 1\\\\PROJECTS\\\\REACT\\\\amazonfrontend\\\\functions\\\\node_modules\\\\firebase-functions\\\\lib\\\\v2\\\\index.js\"}"}}
[debug] [2025-12-18T13:41:00.466Z] [runtime-status] [1808] Outgoing network have been stubbed. [{"name":"http","status":"mocked"},{"name":"http","status":"mocked"},{"name":"https","status":"mocked"},{"name":"https","status":"mocked"},{"name":"net","status":"mocked"}] {"metadata":{"emulator":{"name":"functions"},"function":{"name":"us-central1-api"},"extension":{},"message":"[runtime-status] [1808] Outgoing network have been stubbed. [{\"name\":\"http\",\"status\":\"mocked\"},{\"name\":\"http\",\"status\":\"mocked\"},{\"name\":\"https\",\"status\":\"mocked\"},{\"name\":\"https\",\"status\":\"mocked\"},{\"name\":\"net\",\"status\":\"mocked\"}]"}}
[debug] [2025-12-18T13:41:00.469Z] [runtime-status] [1808] Resolved module firebase-functions {"declared":true,"installed":true,"version":"7.0.1","resolution":"C:\\Users\\SURFACE\\Desktop\\ALL IN 1\\PROJECTS\\REACT\\amazonfrontend\\functions\\node_modules\\firebase-functions\\lib\\v2\\index.js"} {"metadata":{"emulator":{"name":"functions"},"function":{"name":"us-central1-api"},"extension":{},"message":"[runtime-status] [1808] Resolved module firebase-functions {\"declared\":true,\"installed\":true,\"version\":\"7.0.1\",\"resolution\":\"C:\\\\Users\\\\SURFACE\\\\Desktop\\\\ALL IN 1\\\\PROJECTS\\\\REACT\\\\amazonfrontend\\\\functions\\\\node_modules\\\\firebase-functions\\\\lib\\\\v2\\\\index.js\"}"}}
[debug] [2025-12-18T13:41:00.469Z] [runtime-status] [1808] Detected firebase-functions v7+, skipping legacy stubs. {"metadata":{"emulator":{"name":"functions"},"function":{"name":"us-central1-api"},"extension":{},"message":"[runtime-status] [1808] Detected firebase-functions v7+, skipping legacy stubs."}}
[debug] [2025-12-18T13:41:00.472Z] [runtime-status] [1808] Resolved module firebase-admin {"declared":true,"installed":true,"version":"13.6.0","resolution":"C:\\Users\\SURFACE\\Desktop\\ALL IN 1\\PROJECTS\\REACT\\amazonfrontend\\functions\\node_modules\\firebase-admin\\lib\\index.js"} {"metadata":{"emulator":{"name":"functions"},"function":{"name":"us-central1-api"},"extension":{},"message":"[runtime-status] [1808] Resolved module firebase-admin {\"declared\":true,\"installed\":true,\"version\":\"13.6.0\",\"resolution\":\"C:\\\\Users\\\\SURFACE\\\\Desktop\\\\ALL IN 1\\\\PROJECTS\\\\REACT\\\\amazonfrontend\\\\functions\\\\node_modules\\\\firebase-admin\\\\lib\\\\index.js\"}"}}
[debug] [2025-12-18T13:41:00.676Z] [runtime-status] [1808] Resolved module firebase-functions {"declared":true,"installed":true,"version":"7.0.1","resolution":"C:\\Users\\SURFACE\\Desktop\\ALL IN 1\\PROJECTS\\REACT\\amazonfrontend\\functions\\node_modules\\firebase-functions\\lib\\v2\\index.js"} {"metadata":{"emulator":{"name":"functions"},"function":{"name":"us-central1-api"},"extension":{},"message":"[runtime-status] [1808] Resolved module firebase-functions {\"declared\":true,\"installed\":true,\"version\":\"7.0.1\",\"resolution\":\"C:\\\\Users\\\\SURFACE\\\\Desktop\\\\ALL IN 1\\\\PROJECTS\\\\REACT\\\\amazonfrontend\\\\functions\\\\node_modules\\\\firebase-functions\\\\lib\\\\v2\\\\index.js\"}"}}
[debug] [2025-12-18T13:41:01.595Z] [runtime-status] [1808] firebase-admin has been stubbed. {"adminResolution":{"declared":true,"installed":true,"version":"13.6.0","resolution":"C:\\Users\\SURFACE\\Desktop\\ALL IN 1\\PROJECTS\\REACT\\amazonfrontend\\functions\\node_modules\\firebase-admin\\lib\\index.js"}} {"metadata":{"emulator":{"name":"functions"},"function":{"name":"us-central1-api"},"extension":{},"message":"[runtime-status] [1808] firebase-admin has been stubbed. {\"adminResolution\":{\"declared\":true,\"installed\":true,\"version\":\"13.6.0\",\"resolution\":\"C:\\\\Users\\\\SURFACE\\\\Desktop\\\\ALL IN 1\\\\PROJECTS\\\\REACT\\\\amazonfrontend\\\\functions\\\\node_modules\\\\firebase-admin\\\\lib\\\\index.js\"}}"}}
[info] >  [dotenv@17.2.3] injecting env (0) from .env -- tip: ðŸ› ï¸  run anywhere with `dotenvx run -- yourcommand` {"user":"[dotenv@17.2.3] injecting env (0) from .env -- tip: ðŸ› ï¸  run anywhere with `dotenvx run -- yourcommand`","metadata":{"emulator":{"name":"functions"},"function":{"name":"us-central1-api"},"extension":{},"message":"\u001b[90m> \u001b[39m [dotenv@17.2.3] injecting env (0) from .env -- tip: ðŸ› ï¸  run anywhere with `dotenvx run -- yourcommand`"}}
[debug] [2025-12-18T13:41:02.274Z] [runtime-status] [1808] Functions runtime initialized. {"cwd":"C:\\Users\\SURFACE\\Desktop\\ALL IN 1\\PROJECTS\\REACT\\amazonfrontend\\functions","node_version":"24.11.0"} {"metadata":{"emulator":{"name":"functions"},"function":{"name":"us-central1-api"},"extension":{},"message":"[runtime-status] [1808] Functions runtime initialized. {\"cwd\":\"C:\\\\Users\\\\SURFACE\\\\Desktop\\\\ALL IN 1\\\\PROJECTS\\\\REACT\\\\amazonfrontend\\\\functions\",\"node_version\":\"24.11.0\"}"}}
[debug] [2025-12-18T13:41:02.275Z] [runtime-status] [1808] Listening to port: \\?\pipe\fire_emu_659b9dd1df553de7 {"metadata":{"emulator":{"name":"functions"},"function":{"name":"us-central1-api"},"extension":{},"message":"[runtime-status] [1808] Listening to port: \\\\?\\pipe\\fire_emu_659b9dd1df553de7"}}
[debug] [2025-12-18T13:41:02.393Z] [worker-us-central1-api-162b9d79-5c1a-427f-8a25-8d4c0fe5ee88]: IDLE {"metadata":{"emulator":{"name":"functions"},"function":{"name":"us-central1-api"},"extension":{},"message":"[worker-us-central1-api-162b9d79-5c1a-427f-8a25-8d4c0fe5ee88]: IDLE"}}
[debug] [2025-12-18T13:41:02.394Z] [worker-pool] submitRequest(triggerId=us-central1-api) {"metadata":{"emulator":{"name":"functions"},"message":"[worker-pool] submitRequest(triggerId=us-central1-api)"}}
[info] i  functions: Beginning execution of "us-central1-api" {"metadata":{"emulator":{"name":"functions"},"function":{"name":"us-central1-api"},"extension":{},"message":"Beginning execution of \"us-central1-api\""}}
[debug] [2025-12-18T13:41:02.396Z] [worker-us-central1-api-162b9d79-5c1a-427f-8a25-8d4c0fe5ee88]: BUSY {"metadata":{"emulator":{"name":"functions"},"function":{"name":"us-central1-api"},"extension":{},"message":"[worker-us-central1-api-162b9d79-5c1a-427f-8a25-8d4c0fe5ee88]: BUSY"}}
[debug] [2025-12-18T13:41:02.414Z] Finishing up request with event=pause {"metadata":{"emulator":{"name":"functions"},"function":{"name":"us-central1-api"},"extension":{},"message":"Finishing up request with event=pause"}}
[info] i  functions: Finished "us-central1-api" in 19.3229ms {"metadata":{"emulator":{"name":"functions"},"function":{"name":"us-central1-api"},"extension":{},"message":"Finished \"us-central1-api\" in 19.3229ms"}}
[debug] [2025-12-18T13:41:02.417Z] [worker-us-central1-api-162b9d79-5c1a-427f-8a25-8d4c0fe5ee88]: IDLE {"metadata":{"emulator":{"name":"functions"},"function":{"name":"us-central1-api"},"extension":{},"message":"[worker-us-central1-api-162b9d79-5c1a-427f-8a25-8d4c0fe5ee88]: IDLE"}}
[debug] [2025-12-18T13:41:02.417Z] Finishing up request with event=finish {"metadata":{"emulator":{"name":"functions"},"function":{"name":"us-central1-api"},"extension":{},"message":"Finishing up request with event=finish"}}
[debug] [2025-12-18T13:41:02.418Z] Finishing up request with event=close {"metadata":{"emulator":{"name":"functions"},"function":{"name":"us-central1-api"},"extension":{},"message":"Finishing up request with event=close"}}
[debug] [2025-12-18T13:41:02.418Z] [work-queue] {"queuedWork":[],"queueLength":0,"runningWork":[],"workRunningCount":0}
[debug] [2025-12-18T13:46:03.513Z] [work-queue] {"queuedWork":["/clone-27fc0/us-central1/api/payment/create-2025-12-18T13:46:03.513Z"],"queueLength":1,"runningWork":[],"workRunningCount":0}
[debug] [2025-12-18T13:46:03.514Z] [work-queue] {"queuedWork":[],"queueLength":0,"runningWork":["/clone-27fc0/us-central1/api/payment/create-2025-12-18T13:46:03.513Z"],"workRunningCount":1}
[debug] [2025-12-18T13:46:03.515Z] Accepted request POST /clone-27fc0/us-central1/api/payment/create?total=204.23000000000002 --> us-central1-api
[debug] [2025-12-18T13:46:03.523Z] [functions] Runtime ready! Sending request! {"metadata":{"emulator":{"name":"functions"},"message":"[functions] Runtime ready! Sending request!"}}
[debug] [2025-12-18T13:46:03.525Z] [functions] Got req.url=/clone-27fc0/us-central1/api/payment/create?total=204.23000000000002, mapping to path=/payment/create?total=204.23000000000002 {"metadata":{"emulator":{"name":"functions"},"message":"[functions] Got req.url=/clone-27fc0/us-central1/api/payment/create?total=204.23000000000002, mapping to path=/payment/create?total=204.23000000000002"}}
[debug] [2025-12-18T13:46:03.525Z] [worker-pool] submitRequest(triggerId=us-central1-api) {"metadata":{"emulator":{"name":"functions"},"message":"[worker-pool] submitRequest(triggerId=us-central1-api)"}}
[info] i  functions: Beginning execution of "us-central1-api" {"metadata":{"emulator":{"name":"functions"},"function":{"name":"us-central1-api"},"extension":{},"message":"Beginning execution of \"us-central1-api\""}}
[debug] [2025-12-18T13:46:03.528Z] [worker-us-central1-api-162b9d79-5c1a-427f-8a25-8d4c0fe5ee88]: BUSY {"metadata":{"emulator":{"name":"functions"},"function":{"name":"us-central1-api"},"extension":{},"message":"[worker-us-central1-api-162b9d79-5c1a-427f-8a25-8d4c0fe5ee88]: BUSY"}}
[debug] [2025-12-18T13:46:03.537Z] Finishing up request with event=pause {"metadata":{"emulator":{"name":"functions"},"function":{"name":"us-central1-api"},"extension":{},"message":"Finishing up request with event=pause"}}
[info] i  functions: Finished "us-central1-api" in 10.4692ms {"metadata":{"emulator":{"name":"functions"},"function":{"name":"us-central1-api"},"extension":{},"message":"Finished \"us-central1-api\" in 10.4692ms"}}
[debug] [2025-12-18T13:46:03.539Z] [worker-us-central1-api-162b9d79-5c1a-427f-8a25-8d4c0fe5ee88]: IDLE {"metadata":{"emulator":{"name":"functions"},"function":{"name":"us-central1-api"},"extension":{},"message":"[worker-us-central1-api-162b9d79-5c1a-427f-8a25-8d4c0fe5ee88]: IDLE"}}
[debug] [2025-12-18T13:46:03.539Z] Finishing up request with event=finish {"metadata":{"emulator":{"name":"functions"},"function":{"name":"us-central1-api"},"extension":{},"message":"Finishing up request with event=finish"}}
[debug] [2025-12-18T13:46:03.540Z] Finishing up request with event=close {"metadata":{"emulator":{"name":"functions"},"function":{"name":"us-central1-api"},"extension":{},"message":"Finishing up request with event=close"}}
[debug] [2025-12-18T13:46:03.540Z] [work-queue] {"queuedWork":[],"queueLength":0,"runningWork":[],"workRunningCount":0}
[debug] [2025-12-18T13:46:21.289Z] [work-queue] {"queuedWork":["/clone-27fc0/us-central1/api/payment/create-2025-12-18T13:46:21.289Z"],"queueLength":1,"runningWork":[],"workRunningCount":0}
[debug] [2025-12-18T13:46:21.289Z] [work-queue] {"queuedWork":[],"queueLength":0,"runningWork":["/clone-27fc0/us-central1/api/payment/create-2025-12-18T13:46:21.289Z"],"workRunningCount":1}
[debug] [2025-12-18T13:46:21.289Z] Accepted request GET /clone-27fc0/us-central1/api/payment/create?total=204.23000000000002 --> us-central1-api
[debug] [2025-12-18T13:46:21.292Z] [functions] Runtime ready! Sending request! {"metadata":{"emulator":{"name":"functions"},"message":"[functions] Runtime ready! Sending request!"}}
[debug] [2025-12-18T13:46:21.293Z] [functions] Got req.url=/clone-27fc0/us-central1/api/payment/create?total=204.23000000000002, mapping to path=/payment/create?total=204.23000000000002 {"metadata":{"emulator":{"name":"functions"},"message":"[functions] Got req.url=/clone-27fc0/us-central1/api/payment/create?total=204.23000000000002, mapping to path=/payment/create?total=204.23000000000002"}}
[debug] [2025-12-18T13:46:21.293Z] [worker-pool] submitRequest(triggerId=us-central1-api) {"metadata":{"emulator":{"name":"functions"},"message":"[worker-pool] submitRequest(triggerId=us-central1-api)"}}
[info] i  functions: Beginning execution of "us-central1-api" {"metadata":{"emulator":{"name":"functions"},"function":{"name":"us-central1-api"},"extension":{},"message":"Beginning execution of \"us-central1-api\""}}
[debug] [2025-12-18T13:46:21.295Z] [worker-us-central1-api-162b9d79-5c1a-427f-8a25-8d4c0fe5ee88]: BUSY {"metadata":{"emulator":{"name":"functions"},"function":{"name":"us-central1-api"},"extension":{},"message":"[worker-us-central1-api-162b9d79-5c1a-427f-8a25-8d4c0fe5ee88]: BUSY"}}
[debug] [2025-12-18T13:46:21.301Z] Finishing up request with event=pause {"metadata":{"emulator":{"name":"functions"},"function":{"name":"us-central1-api"},"extension":{},"message":"Finishing up request with event=pause"}}
[info] i  functions: Finished "us-central1-api" in 6.7785ms {"metadata":{"emulator":{"name":"functions"},"function":{"name":"us-central1-api"},"extension":{},"message":"Finished \"us-central1-api\" in 6.7785ms"}}
[debug] [2025-12-18T13:46:21.302Z] [worker-us-central1-api-162b9d79-5c1a-427f-8a25-8d4c0fe5ee88]: IDLE {"metadata":{"emulator":{"name":"functions"},"function":{"name":"us-central1-api"},"extension":{},"message":"[worker-us-central1-api-162b9d79-5c1a-427f-8a25-8d4c0fe5ee88]: IDLE"}}
[debug] [2025-12-18T13:46:21.302Z] Finishing up request with event=finish {"metadata":{"emulator":{"name":"functions"},"function":{"name":"us-central1-api"},"extension":{},"message":"Finishing up request with event=finish"}}
[debug] [2025-12-18T13:46:21.302Z] Finishing up request with event=close {"metadata":{"emulator":{"name":"functions"},"function":{"name":"us-central1-api"},"extension":{},"message":"Finishing up request with event=close"}}
[debug] [2025-12-18T13:46:21.303Z] [work-queue] {"queuedWork":[],"queueLength":0,"runningWork":[],"workRunningCount":0}
[debug] [2025-12-18T13:46:46.194Z] [work-queue] {"queuedWork":["/clone-27fc0/us-central1/api/payment/create-2025-12-18T13:46:46.194Z"],"queueLength":1,"runningWork":[],"workRunningCount":0}
[debug] [2025-12-18T13:46:46.194Z] [work-queue] {"queuedWork":[],"queueLength":0,"runningWork":["/clone-27fc0/us-central1/api/payment/create-2025-12-18T13:46:46.194Z"],"workRunningCount":1}
[debug] [2025-12-18T13:46:46.195Z] Accepted request GET /clone-27fc0/us-central1/api/payment/create?total=204.23000000000002 --> us-central1-api
[debug] [2025-12-18T13:46:46.197Z] [functions] Runtime ready! Sending request! {"metadata":{"emulator":{"name":"functions"},"message":"[functions] Runtime ready! Sending request!"}}
[debug] [2025-12-18T13:46:46.198Z] [functions] Got req.url=/clone-27fc0/us-central1/api/payment/create?total=204.23000000000002, mapping to path=/payment/create?total=204.23000000000002 {"metadata":{"emulator":{"name":"functions"},"message":"[functions] Got req.url=/clone-27fc0/us-central1/api/payment/create?total=204.23000000000002, mapping to path=/payment/create?total=204.23000000000002"}}
[debug] [2025-12-18T13:46:46.198Z] [worker-pool] submitRequest(triggerId=us-central1-api) {"metadata":{"emulator":{"name":"functions"},"message":"[worker-pool] submitRequest(triggerId=us-central1-api)"}}
[info] i  functions: Beginning execution of "us-central1-api" {"metadata":{"emulator":{"name":"functions"},"function":{"name":"us-central1-api"},"extension":{},"message":"Beginning execution of \"us-central1-api\""}}
[debug] [2025-12-18T13:46:46.199Z] [worker-us-central1-api-162b9d79-5c1a-427f-8a25-8d4c0fe5ee88]: BUSY {"metadata":{"emulator":{"name":"functions"},"function":{"name":"us-central1-api"},"extension":{},"message":"[worker-us-central1-api-162b9d79-5c1a-427f-8a25-8d4c0fe5ee88]: BUSY"}}
[debug] [2025-12-18T13:46:46.204Z] Finishing up request with event=pause {"metadata":{"emulator":{"name":"functions"},"function":{"name":"us-central1-api"},"extension":{},"message":"Finishing up request with event=pause"}}
[info] i  functions: Finished "us-central1-api" in 5.2305ms {"metadata":{"emulator":{"name":"functions"},"function":{"name":"us-central1-api"},"extension":{},"message":"Finished \"us-central1-api\" in 5.2305ms"}}
[debug] [2025-12-18T13:46:46.205Z] [worker-us-central1-api-162b9d79-5c1a-427f-8a25-8d4c0fe5ee88]: IDLE {"metadata":{"emulator":{"name":"functions"},"function":{"name":"us-central1-api"},"extension":{},"message":"[worker-us-central1-api-162b9d79-5c1a-427f-8a25-8d4c0fe5ee88]: IDLE"}}
[debug] [2025-12-18T13:46:46.205Z] Finishing up request with event=finish {"metadata":{"emulator":{"name":"functions"},"function":{"name":"us-central1-api"},"extension":{},"message":"Finishing up request with event=finish"}}
[debug] [2025-12-18T13:46:46.206Z] Finishing up request with event=close {"metadata":{"emulator":{"name":"functions"},"function":{"name":"us-central1-api"},"extension":{},"message":"Finishing up request with event=close"}}
[debug] [2025-12-18T13:46:46.206Z] [work-queue] {"queuedWork":[],"queueLength":0,"runningWork":[],"workRunningCount":0}
[debug] [2025-12-18T13:46:48.309Z] [work-queue] {"queuedWork":["/clone-27fc0/us-central1/api/payment/create-2025-12-18T13:46:48.309Z"],"queueLength":1,"runningWork":[],"workRunningCount":0}
[debug] [2025-12-18T13:46:48.309Z] [work-queue] {"queuedWork":[],"queueLength":0,"runningWork":["/clone-27fc0/us-central1/api/payment/create-2025-12-18T13:46:48.309Z"],"workRunningCount":1}
[debug] [2025-12-18T13:46:48.309Z] Accepted request GET /clone-27fc0/us-central1/api/payment/create?total=204.23000000000002 --> us-central1-api
[debug] [2025-12-18T13:46:48.312Z] [functions] Runtime ready! Sending request! {"metadata":{"emulator":{"name":"functions"},"message":"[functions] Runtime ready! Sending request!"}}
[debug] [2025-12-18T13:46:48.312Z] [functions] Got req.url=/clone-27fc0/us-central1/api/payment/create?total=204.23000000000002, mapping to path=/payment/create?total=204.23000000000002 {"metadata":{"emulator":{"name":"functions"},"message":"[functions] Got req.url=/clone-27fc0/us-central1/api/payment/create?total=204.23000000000002, mapping to path=/payment/create?total=204.23000000000002"}}
[debug] [2025-12-18T13:46:48.312Z] [worker-pool] submitRequest(triggerId=us-central1-api) {"metadata":{"emulator":{"name":"functions"},"message":"[worker-pool] submitRequest(triggerId=us-central1-api)"}}
[info] i  functions: Beginning execution of "us-central1-api" {"metadata":{"emulator":{"name":"functions"},"function":{"name":"us-central1-api"},"extension":{},"message":"Beginning execution of \"us-central1-api\""}}
[debug] [2025-12-18T13:46:48.314Z] [worker-us-central1-api-162b9d79-5c1a-427f-8a25-8d4c0fe5ee88]: BUSY {"metadata":{"emulator":{"name":"functions"},"function":{"name":"us-central1-api"},"extension":{},"message":"[worker-us-central1-api-162b9d79-5c1a-427f-8a25-8d4c0fe5ee88]: BUSY"}}
[debug] [2025-12-18T13:46:48.322Z] Finishing up request with event=pause {"metadata":{"emulator":{"name":"functions"},"function":{"name":"us-central1-api"},"extension":{},"message":"Finishing up request with event=pause"}}
[info] i  functions: Finished "us-central1-api" in 8.4553ms {"metadata":{"emulator":{"name":"functions"},"function":{"name":"us-central1-api"},"extension":{},"message":"Finished \"us-central1-api\" in 8.4553ms"}}
[debug] [2025-12-18T13:46:48.324Z] [worker-us-central1-api-162b9d79-5c1a-427f-8a25-8d4c0fe5ee88]: IDLE {"metadata":{"emulator":{"name":"functions"},"function":{"name":"us-central1-api"},"extension":{},"message":"[worker-us-central1-api-162b9d79-5c1a-427f-8a25-8d4c0fe5ee88]: IDLE"}}
[debug] [2025-12-18T13:46:48.325Z] Finishing up request with event=finish {"metadata":{"emulator":{"name":"functions"},"function":{"name":"us-central1-api"},"extension":{},"message":"Finishing up request with event=finish"}}
[debug] [2025-12-18T13:46:48.326Z] Finishing up request with event=close {"metadata":{"emulator":{"name":"functions"},"function":{"name":"us-central1-api"},"extension":{},"message":"Finishing up request with event=close"}}
[debug] [2025-12-18T13:46:48.326Z] [work-queue] {"queuedWork":[],"queueLength":0,"runningWork":[],"workRunningCount":0}
[debug] [2025-12-18T13:47:04.039Z] [work-queue] {"queuedWork":["/clone-27fc0/us-central1/api/payments/create-2025-12-18T13:47:04.039Z"],"queueLength":1,"runningWork":[],"workRunningCount":0}
[debug] [2025-12-18T13:47:04.040Z] [work-queue] {"queuedWork":[],"queueLength":0,"runningWork":["/clone-27fc0/us-central1/api/payments/create-2025-12-18T13:47:04.039Z"],"workRunningCount":1}
[debug] [2025-12-18T13:47:04.041Z] Accepted request POST /clone-27fc0/us-central1/api/payments/create?total=204.23000000000002 --> us-central1-api
[debug] [2025-12-18T13:47:04.047Z] [functions] Runtime ready! Sending request! {"metadata":{"emulator":{"name":"functions"},"message":"[functions] Runtime ready! Sending request!"}}
[debug] [2025-12-18T13:47:04.048Z] [functions] Got req.url=/clone-27fc0/us-central1/api/payments/create?total=204.23000000000002, mapping to path=/payments/create?total=204.23000000000002 {"metadata":{"emulator":{"name":"functions"},"message":"[functions] Got req.url=/clone-27fc0/us-central1/api/payments/create?total=204.23000000000002, mapping to path=/payments/create?total=204.23000000000002"}}
[debug] [2025-12-18T13:47:04.048Z] [worker-pool] submitRequest(triggerId=us-central1-api) {"metadata":{"emulator":{"name":"functions"},"message":"[worker-pool] submitRequest(triggerId=us-central1-api)"}}
[info] i  functions: Beginning execution of "us-central1-api" {"metadata":{"emulator":{"name":"functions"},"function":{"name":"us-central1-api"},"extension":{},"message":"Beginning execution of \"us-central1-api\""}}
[debug] [2025-12-18T13:47:04.051Z] [worker-us-central1-api-162b9d79-5c1a-427f-8a25-8d4c0fe5ee88]: BUSY {"metadata":{"emulator":{"name":"functions"},"function":{"name":"us-central1-api"},"extension":{},"message":"[worker-us-central1-api-162b9d79-5c1a-427f-8a25-8d4c0fe5ee88]: BUSY"}}
[debug] [2025-12-18T13:47:05.435Z] Finishing up request with event=pause {"metadata":{"emulator":{"name":"functions"},"function":{"name":"us-central1-api"},"extension":{},"message":"Finishing up request with event=pause"}}
[info] i  functions: Finished "us-central1-api" in 1384.4979ms {"metadata":{"emulator":{"name":"functions"},"function":{"name":"us-central1-api"},"extension":{},"message":"Finished \"us-central1-api\" in 1384.4979ms"}}
[debug] [2025-12-18T13:47:05.437Z] [worker-us-central1-api-162b9d79-5c1a-427f-8a25-8d4c0fe5ee88]: IDLE {"metadata":{"emulator":{"name":"functions"},"function":{"name":"us-central1-api"},"extension":{},"message":"[worker-us-central1-api-162b9d79-5c1a-427f-8a25-8d4c0fe5ee88]: IDLE"}}
[debug] [2025-12-18T13:47:05.437Z] Finishing up request with event=finish {"metadata":{"emulator":{"name":"functions"},"function":{"name":"us-central1-api"},"extension":{},"message":"Finishing up request with event=finish"}}
[debug] [2025-12-18T13:47:05.438Z] Finishing up request with event=close {"metadata":{"emulator":{"name":"functions"},"function":{"name":"us-central1-api"},"extension":{},"message":"Finishing up request with event=close"}}
[debug] [2025-12-18T13:47:05.439Z] [work-queue] {"queuedWork":[],"queueLength":0,"runningWork":[],"workRunningCount":0}
[debug] [2025-12-18T13:47:05.747Z] [work-queue] {"queuedWork":["/clone-27fc0/us-central1/api/payments/create-2025-12-18T13:47:05.747Z"],"queueLength":1,"runningWork":[],"workRunningCount":0}
[debug] [2025-12-18T13:47:05.747Z] [work-queue] {"queuedWork":[],"queueLength":0,"runningWork":["/clone-27fc0/us-central1/api/payments/create-2025-12-18T13:47:05.747Z"],"workRunningCount":1}
[debug] [2025-12-18T13:47:05.747Z] Accepted request POST /clone-27fc0/us-central1/api/payments/create?total=204.23000000000002 --> us-central1-api
[debug] [2025-12-18T13:47:05.748Z] [functions] Runtime ready! Sending request! {"metadata":{"emulator":{"name":"functions"},"message":"[functions] Runtime ready! Sending request!"}}
[debug] [2025-12-18T13:47:05.749Z] [functions] Got req.url=/clone-27fc0/us-central1/api/payments/create?total=204.23000000000002, mapping to path=/payments/create?total=204.23000000000002 {"metadata":{"emulator":{"name":"functions"},"message":"[functions] Got req.url=/clone-27fc0/us-central1/api/payments/create?total=204.23000000000002, mapping to path=/payments/create?total=204.23000000000002"}}
[debug] [2025-12-18T13:47:05.749Z] [worker-pool] submitRequest(triggerId=us-central1-api) {"metadata":{"emulator":{"name":"functions"},"message":"[worker-pool] submitRequest(triggerId=us-central1-api)"}}
[info] i  functions: Beginning execution of "us-central1-api" {"metadata":{"emulator":{"name":"functions"},"function":{"name":"us-central1-api"},"extension":{},"message":"Beginning execution of \"us-central1-api\""}}
[debug] [2025-12-18T13:47:05.750Z] [worker-us-central1-api-162b9d79-5c1a-427f-8a25-8d4c0fe5ee88]: BUSY {"metadata":{"emulator":{"name":"functions"},"function":{"name":"us-central1-api"},"extension":{},"message":"[worker-us-central1-api-162b9d79-5c1a-427f-8a25-8d4c0fe5ee88]: BUSY"}}
[debug] [2025-12-18T13:47:06.342Z] Finishing up request with event=pause {"metadata":{"emulator":{"name":"functions"},"function":{"name":"us-central1-api"},"extension":{},"message":"Finishing up request with event=pause"}}
[info] i  functions: Finished "us-central1-api" in 592.2441ms {"metadata":{"emulator":{"name":"functions"},"function":{"name":"us-central1-api"},"extension":{},"message":"Finished \"us-central1-api\" in 592.2441ms"}}
[debug] [2025-12-18T13:47:06.343Z] [worker-us-central1-api-162b9d79-5c1a-427f-8a25-8d4c0fe5ee88]: IDLE {"metadata":{"emulator":{"name":"functions"},"function":{"name":"us-central1-api"},"extension":{},"message":"[worker-us-central1-api-162b9d79-5c1a-427f-8a25-8d4c0fe5ee88]: IDLE"}}
[debug] [2025-12-18T13:47:06.344Z] Finishing up request with event=finish {"metadata":{"emulator":{"name":"functions"},"function":{"name":"us-central1-api"},"extension":{},"message":"Finishing up request with event=finish"}}
[debug] [2025-12-18T13:47:06.344Z] Finishing up request with event=close {"metadata":{"emulator":{"name":"functions"},"function":{"name":"us-central1-api"},"extension":{},"message":"Finishing up request with event=close"}}
[debug] [2025-12-18T13:47:06.344Z] [work-queue] {"queuedWork":[],"queueLength":0,"runningWork":[],"workRunningCount":0}
[debug] [2025-12-18T13:47:07.467Z] [work-queue] {"queuedWork":["/clone-27fc0/us-central1/api/payments/create-2025-12-18T13:47:07.467Z"],"queueLength":1,"runningWork":[],"workRunningCount":0}
[debug] [2025-12-18T13:47:07.467Z] [work-queue] {"queuedWork":[],"queueLength":0,"runningWork":["/clone-27fc0/us-central1/api/payments/create-2025-12-18T13:47:07.467Z"],"workRunningCount":1}
[debug] [2025-12-18T13:47:07.468Z] Accepted request POST /clone-27fc0/us-central1/api/payments/create?total=204.23000000000002 --> us-central1-api
[debug] [2025-12-18T13:47:07.469Z] [functions] Runtime ready! Sending request! {"metadata":{"emulator":{"name":"functions"},"message":"[functions] Runtime ready! Sending request!"}}
[debug] [2025-12-18T13:47:07.469Z] [functions] Got req.url=/clone-27fc0/us-central1/api/payments/create?total=204.23000000000002, mapping to path=/payments/create?total=204.23000000000002 {"metadata":{"emulator":{"name":"functions"},"message":"[functions] Got req.url=/clone-27fc0/us-central1/api/payments/create?total=204.23000000000002, mapping to path=/payments/create?total=204.23000000000002"}}
[debug] [2025-12-18T13:47:07.469Z] [worker-pool] submitRequest(triggerId=us-central1-api) {"metadata":{"emulator":{"name":"functions"},"message":"[worker-pool] submitRequest(triggerId=us-central1-api)"}}
[info] i  functions: Beginning execution of "us-central1-api" {"metadata":{"emulator":{"name":"functions"},"function":{"name":"us-central1-api"},"extension":{},"message":"Beginning execution of \"us-central1-api\""}}
[debug] [2025-12-18T13:47:07.470Z] [worker-us-central1-api-162b9d79-5c1a-427f-8a25-8d4c0fe5ee88]: BUSY {"metadata":{"emulator":{"name":"functions"},"function":{"name":"us-central1-api"},"extension":{},"message":"[worker-us-central1-api-162b9d79-5c1a-427f-8a25-8d4c0fe5ee88]: BUSY"}}
[debug] [2025-12-18T13:47:07.966Z] Finishing up request with event=pause {"metadata":{"emulator":{"name":"functions"},"function":{"name":"us-central1-api"},"extension":{},"message":"Finishing up request with event=pause"}}
[info] i  functions: Finished "us-central1-api" in 496.3696ms {"metadata":{"emulator":{"name":"functions"},"function":{"name":"us-central1-api"},"extension":{},"message":"Finished \"us-central1-api\" in 496.3696ms"}}
[debug] [2025-12-18T13:47:07.967Z] [worker-us-central1-api-162b9d79-5c1a-427f-8a25-8d4c0fe5ee88]: IDLE {"metadata":{"emulator":{"name":"functions"},"function":{"name":"us-central1-api"},"extension":{},"message":"[worker-us-central1-api-162b9d79-5c1a-427f-8a25-8d4c0fe5ee88]: IDLE"}}
[debug] [2025-12-18T13:47:07.968Z] Finishing up request with event=finish {"metadata":{"emulator":{"name":"functions"},"function":{"name":"us-central1-api"},"extension":{},"message":"Finishing up request with event=finish"}}
[debug] [2025-12-18T13:47:07.968Z] Finishing up request with event=close {"metadata":{"emulator":{"name":"functions"},"function":{"name":"us-central1-api"},"extension":{},"message":"Finishing up request with event=close"}}
[debug] [2025-12-18T13:47:07.968Z] [work-queue] {"queuedWork":[],"queueLength":0,"runningWork":[],"workRunningCount":0}
[debug] [2025-12-18T17:27:01.023Z] ----------------------------------------------------------------------
[debug] [2025-12-18T17:27:01.027Z] Command:       C:\Program Files\nodejs\node.exe C:\Users\SURFACE\AppData\Roaming\npm\node_modules\firebase-tools\lib\bin\firebase.js emulators:start --only functions
[debug] [2025-12-18T17:27:01.028Z] CLI Version:   15.0.0
[debug] [2025-12-18T17:27:01.028Z] Platform:      win32
[debug] [2025-12-18T17:27:01.028Z] Node Version:  v24.11.0
[debug] [2025-12-18T17:27:01.028Z] Time:          Thu Dec 18 2025 20:27:01 GMT+0300 (East Africa Time)
[debug] [2025-12-18T17:27:01.028Z] ----------------------------------------------------------------------
[debug] 
[debug] [2025-12-18T17:27:06.317Z] > command requires scopes: ["email","openid","https://www.googleapis.com/auth/cloudplatformprojects.readonly","https://www.googleapis.com/auth/firebase","https://www.googleapis.com/auth/cloud-platform"]
[debug] [2025-12-18T17:27:06.317Z] > authorizing via signed-in user (lamichache@gmail.com)
[info] i  emulators: Starting emulators: functions {"metadata":{"emulator":{"name":"hub"},"message":"Starting emulators: functions"}}
[debug] [2025-12-18T17:27:06.333Z] [logging] Logging Emulator only supports listening on one address (127.0.0.1). Not listening on ::1
[debug] [2025-12-18T17:27:06.333Z] assigned listening specs for emulators {"user":{"hub":[{"address":"127.0.0.1","family":"IPv4","port":4400},{"address":"::1","family":"IPv6","port":4400}],"ui":[{"address":"127.0.0.1","family":"IPv4","port":4000},{"address":"::1","family":"IPv6","port":4000}],"logging":[{"address":"127.0.0.1","family":"IPv4","port":4500}]},"metadata":{"message":"assigned listening specs for emulators"}}
[debug] [2025-12-18T17:27:06.343Z] Emulator locator file path: C:\Users\SURFACE\AppData\Local\Temp\hub-clone-27fc0.json
[warn] !  emulators: It seems that you are running multiple instances of the emulator suite for project clone-27fc0. This may result in unexpected behavior. 
[debug] [2025-12-18T17:27:06.345Z] [hub] writing locator at C:\Users\SURFACE\AppData\Local\Temp\hub-clone-27fc0.json
[debug] [2025-12-18T17:27:06.374Z] [functions] Functions Emulator only supports listening on one address (127.0.0.1). Not listening on ::1
[debug] [2025-12-18T17:27:06.374Z] [eventarc] Eventarc Emulator only supports listening on one address (127.0.0.1). Not listening on ::1
[debug] [2025-12-18T17:27:06.374Z] [tasks] Cloud Tasks Emulator only supports listening on one address (127.0.0.1). Not listening on ::1
[debug] [2025-12-18T17:27:06.375Z] late-assigned ports for functions and eventarc emulators {"user":{"hub":[{"address":"127.0.0.1","family":"IPv4","port":4400},{"address":"::1","family":"IPv6","port":4400}],"ui":[{"address":"127.0.0.1","family":"IPv4","port":4000},{"address":"::1","family":"IPv6","port":4000}],"logging":[{"address":"127.0.0.1","family":"IPv4","port":4500}],"functions":[{"address":"127.0.0.1","family":"IPv4","port":5001}],"eventarc":[{"address":"127.0.0.1","family":"IPv4","port":9299}],"tasks":[{"address":"127.0.0.1","family":"IPv4","port":9499}]},"metadata":{"message":"late-assigned ports for functions and eventarc emulators"}}
[warn] !  functions: The following emulators are not running, calls to these services from the Functions emulator will affect production: apphosting, auth, firestore, database, hosting, pubsub, storage, dataconnect {"metadata":{"emulator":{"name":"functions"},"message":"The following emulators are not running, calls to these services from the Functions emulator will affect production: \u001b[1mapphosting, auth, firestore, database, hosting, pubsub, storage, dataconnect\u001b[22m"}}
[debug] [2025-12-18T17:27:06.413Z] defaultcredentials: writing to file C:\Users\SURFACE\AppData\Roaming\firebase\lamichache_gmail_com_application_default_credentials.json
[debug] [2025-12-18T17:27:06.415Z] Setting GAC to C:\Users\SURFACE\AppData\Roaming\firebase\lamichache_gmail_com_application_default_credentials.json {"metadata":{"emulator":{"name":"functions"},"message":"Setting GAC to C:\\Users\\SURFACE\\AppData\\Roaming\\firebase\\lamichache_gmail_com_application_default_credentials.json"}}
[debug] [2025-12-18T17:27:06.416Z] Checked if tokens are valid: false, expires at: 1766063847824
[debug] [2025-12-18T17:27:06.416Z] Checked if tokens are valid: false, expires at: 1766063847824
[debug] [2025-12-18T17:27:06.416Z] > refreshing access token with scopes: []
[debug] [2025-12-18T17:27:06.419Z] >>> [apiv2][query] POST https://www.googleapis.com/oauth2/v3/token [none]
[debug] [2025-12-18T17:27:06.419Z] >>> [apiv2][body] POST https://www.googleapis.com/oauth2/v3/token [omitted]
[debug] [2025-12-18T17:27:06.747Z] <<< [apiv2][status] POST https://www.googleapis.com/oauth2/v3/token 200
[debug] [2025-12-18T17:27:06.747Z] <<< [apiv2][body] POST https://www.googleapis.com/oauth2/v3/token [omitted]
[debug] [2025-12-18T17:27:06.763Z] >>> [apiv2][query] GET https://firebase.googleapis.com/v1beta1/projects/clone-27fc0/adminSdkConfig [none]
[debug] [2025-12-18T17:27:07.265Z] <<< [apiv2][status] GET https://firebase.googleapis.com/v1beta1/projects/clone-27fc0/adminSdkConfig 200
[debug] [2025-12-18T17:27:07.265Z] <<< [apiv2][body] GET https://firebase.googleapis.com/v1beta1/projects/clone-27fc0/adminSdkConfig {"projectId":"clone-27fc0","storageBucket":"clone-27fc0.firebasestorage.app"}
[info] i  functions: Watching "C:\Users\SURFACE\Desktop\ALL IN 1\PROJECTS\REACT\amazonfrontend\functions" for Cloud Functions... {"metadata":{"emulator":{"name":"functions"},"message":"Watching \"C:\\Users\\SURFACE\\Desktop\\ALL IN 1\\PROJECTS\\REACT\\amazonfrontend\\functions\" for Cloud Functions..."}}
[debug] [2025-12-18T17:27:07.311Z] Validating nodejs source
[warn] !  functions: package.json indicates an outdated version of firebase-functions. Please upgrade using npm install --save firebase-functions@latest in your functions directory. 
[debug] [2025-12-18T17:27:09.136Z] > [functions] package.json contents: {
  "name": "functions",
  "description": "Cloud Functions for Firebase",
  "scripts": {
    "serve": "firebase emulators:start --only functions",
    "shell": "firebase functions:shell",
    "start": "npm run shell",
    "deploy": "firebase deploy --only functions",
    "logs": "firebase functions:log"
  },
  "engines": {
    "node": "24"
  },
  "main": "index.js",
  "dependencies": {
    "firebase-admin": "^13.6.0",
    "firebase-functions": "^7.0.0"
  },
  "devDependencies": {
    "firebase-functions-test": "^3.4.1"
  },
  "private": true
}
[debug] [2025-12-18T17:27:09.136Z] Building nodejs source
[debug] [2025-12-18T17:27:09.136Z] Failed to find version of module node: reached end of search path C:\Users\SURFACE\Desktop\ALL IN 1\PROJECTS\REACT\amazonfrontend\functions\node_modules
[info] +  functions: Using node@24 from host. 
[info] i  functions: Loaded environment variables from .env. 
[debug] [2025-12-18T17:27:09.143Z] Could not find functions.yaml. Must use http discovery
[debug] [2025-12-18T17:27:09.154Z] Found firebase-functions binary at 'C:\Users\SURFACE\Desktop\ALL IN 1\PROJECTS\REACT\amazonfrontend\functions\node_modules\.bin\firebase-functions'
[info] Serving at port 8600

[info] [dotenv@17.2.3] injecting env (1) from .env -- tip: âš™ï¸  enable debug logging with { debug: true }

[debug] [2025-12-18T17:27:11.152Z] Got response from /__/functions.yaml {"endpoints":{"api":{"availableMemoryMb":null,"timeoutSeconds":null,"minInstances":null,"maxInstances":null,"ingressSettings":null,"concurrency":null,"serviceAccountEmail":null,"vpc":null,"platform":"gcfv2","labels":{},"httpsTrigger":{},"entryPoint":"api"}},"specVersion":"v1alpha1","requiredAPIs":[],"extensions":{}}
[info] +  functions: Loaded functions definitions from source: api. {"metadata":{"emulator":{"name":"functions"},"message":"Loaded functions definitions from source: api."}}
[info] +  functions[us-central1-api]: http function initialized (http://127.0.0.1:5001/clone-27fc0/us-central1/api). {"metadata":{"emulator":{"name":"functions"},"message":"\u001b[1mhttp\u001b[22m function initialized (http://127.0.0.1:5001/clone-27fc0/us-central1/api)."}}
[debug] [2025-12-18T17:27:15.222Z] Could not find VSCode notification endpoint: FetchError: request to http://localhost:40001/vscode/notify failed, reason: . If you are not running the Firebase Data Connect VSCode extension, this is expected and not an issue.
[info] 
â”Œâ”€â”€â”€â”€â”€â”€â”€â”€â”€â”€â”€â”€â”€â”€â”€â”€â”€â”€â”€â”€â”€â”€â”€â”€â”€â”€â”€â”€â”€â”€â”€â”€â”€â”€â”€â”€â”€â”€â”€â”€â”€â”€â”€â”€â”€â”€â”€â”€â”€â”€â”€â”€â”€â”€â”€â”€â”€â”€â”€â”€â”€â”
â”‚ âœ”  All emulators ready! It is now safe to connect your app. â”‚
â”‚ i  View Emulator UI at http://127.0.0.1:4000/               â”‚
â””â”€â”€â”€â”€â”€â”€â”€â”€â”€â”€â”€â”€â”€â”€â”€â”€â”€â”€â”€â”€â”€â”€â”€â”€â”€â”€â”€â”€â”€â”€â”€â”€â”€â”€â”€â”€â”€â”€â”€â”€â”€â”€â”€â”€â”€â”€â”€â”€â”€â”€â”€â”€â”€â”€â”€â”€â”€â”€â”€â”€â”€â”˜

â”Œâ”€â”€â”€â”€â”€â”€â”€â”€â”€â”€â”€â”¬â”€â”€â”€â”€â”€â”€â”€â”€â”€â”€â”€â”€â”€â”€â”€â”€â”¬â”€â”€â”€â”€â”€â”€â”€â”€â”€â”€â”€â”€â”€â”€â”€â”€â”€â”€â”€â”€â”€â”€â”€â”€â”€â”€â”€â”€â”€â”€â”€â”€â”€â”
â”‚ Emulator  â”‚ Host:Port      â”‚ View in Emulator UI             â”‚
â”œâ”€â”€â”€â”€â”€â”€â”€â”€â”€â”€â”€â”¼â”€â”€â”€â”€â”€â”€â”€â”€â”€â”€â”€â”€â”€â”€â”€â”€â”¼â”€â”€â”€â”€â”€â”€â”€â”€â”€â”€â”€â”€â”€â”€â”€â”€â”€â”€â”€â”€â”€â”€â”€â”€â”€â”€â”€â”€â”€â”€â”€â”€â”€â”¤
â”‚ Functions â”‚ 127.0.0.1:5001 â”‚ http://127.0.0.1:4000/functions â”‚
â””â”€â”€â”€â”€â”€â”€â”€â”€â”€â”€â”€â”´â”€â”€â”€â”€â”€â”€â”€â”€â”€â”€â”€â”€â”€â”€â”€â”€â”´â”€â”€â”€â”€â”€â”€â”€â”€â”€â”€â”€â”€â”€â”€â”€â”€â”€â”€â”€â”€â”€â”€â”€â”€â”€â”€â”€â”€â”€â”€â”€â”€â”€â”˜
  Emulator Hub host: 127.0.0.1 port: 4400
  Other reserved ports: 4500

Issues? Report them at https://github.com/firebase/firebase-tools/issues and attach the *-debug.log files.
 
[debug] [2025-12-18T17:28:13.650Z] [work-queue] {"queuedWork":["/clone-27fc0/us-central1/api/payments/create-2025-12-18T17:28:13.650Z"],"queueLength":1,"runningWork":[],"workRunningCount":0}
[debug] [2025-12-18T17:28:13.651Z] [work-queue] {"queuedWork":[],"queueLength":0,"runningWork":["/clone-27fc0/us-central1/api/payments/create-2025-12-18T17:28:13.650Z"],"workRunningCount":1}
[debug] [2025-12-18T17:28:13.652Z] Accepted request POST /clone-27fc0/us-central1/api/payments/create?total=2098 --> us-central1-api
[debug] [2025-12-18T17:28:13.656Z] [functions] Runtime ready! Sending request! {"metadata":{"emulator":{"name":"functions"},"message":"[functions] Runtime ready! Sending request!"}}
[debug] [2025-12-18T17:28:13.657Z] [functions] Got req.url=/clone-27fc0/us-central1/api/payments/create?total=2098, mapping to path=/payments/create?total=2098 {"metadata":{"emulator":{"name":"functions"},"message":"[functions] Got req.url=/clone-27fc0/us-central1/api/payments/create?total=2098, mapping to path=/payments/create?total=2098"}}
[info] i  functions: Loaded environment variables from .env. 
[debug] [2025-12-18T17:28:13.679Z] [worker-pool] addWorker(us-central1-api) {"metadata":{"emulator":{"name":"functions"},"message":"[worker-pool] addWorker(us-central1-api)"}}
[debug] [2025-12-18T17:28:13.680Z] [worker-pool] Adding worker with key us-central1-api, total=1 {"metadata":{"emulator":{"name":"functions"},"message":"[worker-pool] Adding worker with key us-central1-api, total=1"}}
[debug] [2025-12-18T17:28:16.864Z] [runtime-status] [16664] Resolved module firebase-admin {"declared":true,"installed":true,"version":"13.6.0","resolution":"C:\\Users\\SURFACE\\Desktop\\ALL IN 1\\PROJECTS\\REACT\\amazonfrontend\\functions\\node_modules\\firebase-admin\\lib\\index.js"} {"metadata":{"emulator":{"name":"functions"},"function":{"name":"us-central1-api"},"extension":{},"message":"[runtime-status] [16664] Resolved module firebase-admin {\"declared\":true,\"installed\":true,\"version\":\"13.6.0\",\"resolution\":\"C:\\\\Users\\\\SURFACE\\\\Desktop\\\\ALL IN 1\\\\PROJECTS\\\\REACT\\\\amazonfrontend\\\\functions\\\\node_modules\\\\firebase-admin\\\\lib\\\\index.js\"}"}}
[debug] [2025-12-18T17:28:16.867Z] [runtime-status] [16664] Resolved module firebase-functions {"declared":true,"installed":true,"version":"7.0.1","resolution":"C:\\Users\\SURFACE\\Desktop\\ALL IN 1\\PROJECTS\\REACT\\amazonfrontend\\functions\\node_modules\\firebase-functions\\lib\\v2\\index.js"} {"metadata":{"emulator":{"name":"functions"},"function":{"name":"us-central1-api"},"extension":{},"message":"[runtime-status] [16664] Resolved module firebase-functions {\"declared\":true,\"installed\":true,\"version\":\"7.0.1\",\"resolution\":\"C:\\\\Users\\\\SURFACE\\\\Desktop\\\\ALL IN 1\\\\PROJECTS\\\\REACT\\\\amazonfrontend\\\\functions\\\\node_modules\\\\firebase-functions\\\\lib\\\\v2\\\\index.js\"}"}}
[debug] [2025-12-18T17:28:16.868Z] [runtime-status] [16664] Outgoing network have been stubbed. [{"name":"http","status":"mocked"},{"name":"http","status":"mocked"},{"name":"https","status":"mocked"},{"name":"https","status":"mocked"},{"name":"net","status":"mocked"}] {"metadata":{"emulator":{"name":"functions"},"function":{"name":"us-central1-api"},"extension":{},"message":"[runtime-status] [16664] Outgoing network have been stubbed. [{\"name\":\"http\",\"status\":\"mocked\"},{\"name\":\"http\",\"status\":\"mocked\"},{\"name\":\"https\",\"status\":\"mocked\"},{\"name\":\"https\",\"status\":\"mocked\"},{\"name\":\"net\",\"status\":\"mocked\"}]"}}
[debug] [2025-12-18T17:28:16.871Z] [runtime-status] [16664] Resolved module firebase-functions {"declared":true,"installed":true,"version":"7.0.1","resolution":"C:\\Users\\SURFACE\\Desktop\\ALL IN 1\\PROJECTS\\REACT\\amazonfrontend\\functions\\node_modules\\firebase-functions\\lib\\v2\\index.js"} {"metadata":{"emulator":{"name":"functions"},"function":{"name":"us-central1-api"},"extension":{},"message":"[runtime-status] [16664] Resolved module firebase-functions {\"declared\":true,\"installed\":true,\"version\":\"7.0.1\",\"resolution\":\"C:\\\\Users\\\\SURFACE\\\\Desktop\\\\ALL IN 1\\\\PROJECTS\\\\REACT\\\\amazonfrontend\\\\functions\\\\node_modules\\\\firebase-functions\\\\lib\\\\v2\\\\index.js\"}"}}
[debug] [2025-12-18T17:28:16.871Z] [runtime-status] [16664] Detected firebase-functions v7+, skipping legacy stubs. {"metadata":{"emulator":{"name":"functions"},"function":{"name":"us-central1-api"},"extension":{},"message":"[runtime-status] [16664] Detected firebase-functions v7+, skipping legacy stubs."}}
[debug] [2025-12-18T17:28:16.873Z] [runtime-status] [16664] Resolved module firebase-admin {"declared":true,"installed":true,"version":"13.6.0","resolution":"C:\\Users\\SURFACE\\Desktop\\ALL IN 1\\PROJECTS\\REACT\\amazonfrontend\\functions\\node_modules\\firebase-admin\\lib\\index.js"} {"metadata":{"emulator":{"name":"functions"},"function":{"name":"us-central1-api"},"extension":{},"message":"[runtime-status] [16664] Resolved module firebase-admin {\"declared\":true,\"installed\":true,\"version\":\"13.6.0\",\"resolution\":\"C:\\\\Users\\\\SURFACE\\\\Desktop\\\\ALL IN 1\\\\PROJECTS\\\\REACT\\\\amazonfrontend\\\\functions\\\\node_modules\\\\firebase-admin\\\\lib\\\\index.js\"}"}}
[debug] [2025-12-18T17:28:17.138Z] [runtime-status] [16664] Resolved module firebase-functions {"declared":true,"installed":true,"version":"7.0.1","resolution":"C:\\Users\\SURFACE\\Desktop\\ALL IN 1\\PROJECTS\\REACT\\amazonfrontend\\functions\\node_modules\\firebase-functions\\lib\\v2\\index.js"} {"metadata":{"emulator":{"name":"functions"},"function":{"name":"us-central1-api"},"extension":{},"message":"[runtime-status] [16664] Resolved module firebase-functions {\"declared\":true,\"installed\":true,\"version\":\"7.0.1\",\"resolution\":\"C:\\\\Users\\\\SURFACE\\\\Desktop\\\\ALL IN 1\\\\PROJECTS\\\\REACT\\\\amazonfrontend\\\\functions\\\\node_modules\\\\firebase-functions\\\\lib\\\\v2\\\\index.js\"}"}}
[debug] [2025-12-18T17:28:18.343Z] [runtime-status] [16664] firebase-admin has been stubbed. {"adminResolution":{"declared":true,"installed":true,"version":"13.6.0","resolution":"C:\\Users\\SURFACE\\Desktop\\ALL IN 1\\PROJECTS\\REACT\\amazonfrontend\\functions\\node_modules\\firebase-admin\\lib\\index.js"}} {"metadata":{"emulator":{"name":"functions"},"function":{"name":"us-central1-api"},"extension":{},"message":"[runtime-status] [16664] firebase-admin has been stubbed. {\"adminResolution\":{\"declared\":true,\"installed\":true,\"version\":\"13.6.0\",\"resolution\":\"C:\\\\Users\\\\SURFACE\\\\Desktop\\\\ALL IN 1\\\\PROJECTS\\\\REACT\\\\amazonfrontend\\\\functions\\\\node_modules\\\\firebase-admin\\\\lib\\\\index.js\"}}"}}
[info] >  [dotenv@17.2.3] injecting env (0) from .env -- tip: âš™ï¸  suppress all logs with { quiet: true } {"user":"[dotenv@17.2.3] injecting env (0) from .env -- tip: âš™ï¸  suppress all logs with { quiet: true }","metadata":{"emulator":{"name":"functions"},"function":{"name":"us-central1-api"},"extension":{},"message":"\u001b[90m> \u001b[39m [dotenv@17.2.3] injecting env (0) from .env -- tip: âš™ï¸  suppress all logs with { quiet: true }"}}
[debug] [2025-12-18T17:28:19.206Z] [runtime-status] [16664] Functions runtime initialized. {"cwd":"C:\\Users\\SURFACE\\Desktop\\ALL IN 1\\PROJECTS\\REACT\\amazonfrontend\\functions","node_version":"24.11.0"} {"metadata":{"emulator":{"name":"functions"},"function":{"name":"us-central1-api"},"extension":{},"message":"[runtime-status] [16664] Functions runtime initialized. {\"cwd\":\"C:\\\\Users\\\\SURFACE\\\\Desktop\\\\ALL IN 1\\\\PROJECTS\\\\REACT\\\\amazonfrontend\\\\functions\",\"node_version\":\"24.11.0\"}"}}
[debug] [2025-12-18T17:28:19.207Z] [runtime-status] [16664] Listening to port: \\?\pipe\fire_emu_20b103d3bf500e1f {"metadata":{"emulator":{"name":"functions"},"function":{"name":"us-central1-api"},"extension":{},"message":"[runtime-status] [16664] Listening to port: \\\\?\\pipe\\fire_emu_20b103d3bf500e1f"}}
[debug] [2025-12-18T17:28:19.252Z] [worker-us-central1-api-97ebd91f-f420-47d8-a6b5-f8ccaa997465]: IDLE {"metadata":{"emulator":{"name":"functions"},"function":{"name":"us-central1-api"},"extension":{},"message":"[worker-us-central1-api-97ebd91f-f420-47d8-a6b5-f8ccaa997465]: IDLE"}}
[debug] [2025-12-18T17:28:19.253Z] [worker-pool] submitRequest(triggerId=us-central1-api) {"metadata":{"emulator":{"name":"functions"},"message":"[worker-pool] submitRequest(triggerId=us-central1-api)"}}
[info] i  functions: Beginning execution of "us-central1-api" {"metadata":{"emulator":{"name":"functions"},"function":{"name":"us-central1-api"},"extension":{},"message":"Beginning execution of \"us-central1-api\""}}
[debug] [2025-12-18T17:28:19.254Z] [worker-us-central1-api-97ebd91f-f420-47d8-a6b5-f8ccaa997465]: BUSY {"metadata":{"emulator":{"name":"functions"},"function":{"name":"us-central1-api"},"extension":{},"message":"[worker-us-central1-api-97ebd91f-f420-47d8-a6b5-f8ccaa997465]: BUSY"}}
[debug] [2025-12-18T17:28:20.249Z] Finishing up request with event=pause {"metadata":{"emulator":{"name":"functions"},"function":{"name":"us-central1-api"},"extension":{},"message":"Finishing up request with event=pause"}}
[info] i  functions: Finished "us-central1-api" in 995.5481ms {"metadata":{"emulator":{"name":"functions"},"function":{"name":"us-central1-api"},"extension":{},"message":"Finished \"us-central1-api\" in 995.5481ms"}}
[debug] [2025-12-18T17:28:20.250Z] [worker-us-central1-api-97ebd91f-f420-47d8-a6b5-f8ccaa997465]: IDLE {"metadata":{"emulator":{"name":"functions"},"function":{"name":"us-central1-api"},"extension":{},"message":"[worker-us-central1-api-97ebd91f-f420-47d8-a6b5-f8ccaa997465]: IDLE"}}
[debug] [2025-12-18T17:28:20.251Z] Finishing up request with event=finish {"metadata":{"emulator":{"name":"functions"},"function":{"name":"us-central1-api"},"extension":{},"message":"Finishing up request with event=finish"}}
[debug] [2025-12-18T17:28:20.251Z] Finishing up request with event=close {"metadata":{"emulator":{"name":"functions"},"function":{"name":"us-central1-api"},"extension":{},"message":"Finishing up request with event=close"}}
[debug] [2025-12-18T17:28:20.251Z] [work-queue] {"queuedWork":[],"queueLength":0,"runningWork":[],"workRunningCount":0}
[debug] [2025-12-18T18:02:20.058Z] [work-queue] {"queuedWork":["/clone-27fc0/us-central1/api/payments/create-2025-12-18T18:02:20.057Z"],"queueLength":1,"runningWork":[],"workRunningCount":0}
[debug] [2025-12-18T18:02:20.061Z] [work-queue] {"queuedWork":[],"queueLength":0,"runningWork":["/clone-27fc0/us-central1/api/payments/create-2025-12-18T18:02:20.057Z"],"workRunningCount":1}
[debug] [2025-12-18T18:02:20.061Z] Accepted request POST /clone-27fc0/us-central1/api/payments/create?total=7829.000000000001 --> us-central1-api
[debug] [2025-12-18T18:02:20.077Z] [functions] Runtime ready! Sending request! {"metadata":{"emulator":{"name":"functions"},"message":"[functions] Runtime ready! Sending request!"}}
[debug] [2025-12-18T18:02:20.079Z] [functions] Got req.url=/clone-27fc0/us-central1/api/payments/create?total=7829.000000000001, mapping to path=/payments/create?total=7829.000000000001 {"metadata":{"emulator":{"name":"functions"},"message":"[functions] Got req.url=/clone-27fc0/us-central1/api/payments/create?total=7829.000000000001, mapping to path=/payments/create?total=7829.000000000001"}}
[debug] [2025-12-18T18:02:20.080Z] [worker-pool] submitRequest(triggerId=us-central1-api) {"metadata":{"emulator":{"name":"functions"},"message":"[worker-pool] submitRequest(triggerId=us-central1-api)"}}
[info] i  functions: Beginning execution of "us-central1-api" {"metadata":{"emulator":{"name":"functions"},"function":{"name":"us-central1-api"},"extension":{},"message":"Beginning execution of \"us-central1-api\""}}
[debug] [2025-12-18T18:02:20.084Z] [worker-us-central1-api-97ebd91f-f420-47d8-a6b5-f8ccaa997465]: BUSY {"metadata":{"emulator":{"name":"functions"},"function":{"name":"us-central1-api"},"extension":{},"message":"[worker-us-central1-api-97ebd91f-f420-47d8-a6b5-f8ccaa997465]: BUSY"}}
[debug] [2025-12-18T18:02:20.804Z] Finishing up request with event=pause {"metadata":{"emulator":{"name":"functions"},"function":{"name":"us-central1-api"},"extension":{},"message":"Finishing up request with event=pause"}}
[info] i  functions: Finished "us-central1-api" in 720.5682ms {"metadata":{"emulator":{"name":"functions"},"function":{"name":"us-central1-api"},"extension":{},"message":"Finished \"us-central1-api\" in 720.5682ms"}}
[debug] [2025-12-18T18:02:20.807Z] [worker-us-central1-api-97ebd91f-f420-47d8-a6b5-f8ccaa997465]: IDLE {"metadata":{"emulator":{"name":"functions"},"function":{"name":"us-central1-api"},"extension":{},"message":"[worker-us-central1-api-97ebd91f-f420-47d8-a6b5-f8ccaa997465]: IDLE"}}
[debug] [2025-12-18T18:02:20.807Z] Finishing up request with event=finish {"metadata":{"emulator":{"name":"functions"},"function":{"name":"us-central1-api"},"extension":{},"message":"Finishing up request with event=finish"}}
[debug] [2025-12-18T18:02:20.808Z] Finishing up request with event=close {"metadata":{"emulator":{"name":"functions"},"function":{"name":"us-central1-api"},"extension":{},"message":"Finishing up request with event=close"}}
[debug] [2025-12-18T18:02:20.809Z] [work-queue] {"queuedWork":[],"queueLength":0,"runningWork":[],"workRunningCount":0}
[debug] [2025-12-19T01:47:14.496Z] ----------------------------------------------------------------------
[debug] [2025-12-19T01:47:14.503Z] Command:       C:\Program Files\nodejs\node.exe C:\Users\SURFACE\AppData\Roaming\npm\node_modules\firebase-tools\lib\bin\firebase.js emulators:start --only functions
[debug] [2025-12-19T01:47:14.504Z] CLI Version:   15.0.0
[debug] [2025-12-19T01:47:14.504Z] Platform:      win32
[debug] [2025-12-19T01:47:14.504Z] Node Version:  v24.11.0
[debug] [2025-12-19T01:47:14.505Z] Time:          Fri Dec 19 2025 04:47:14 GMT+0300 (East Africa Time)
[debug] [2025-12-19T01:47:14.505Z] ----------------------------------------------------------------------
[debug] 
[debug] [2025-12-19T01:47:21.909Z] > command requires scopes: ["email","openid","https://www.googleapis.com/auth/cloudplatformprojects.readonly","https://www.googleapis.com/auth/firebase","https://www.googleapis.com/auth/cloud-platform"]
[debug] [2025-12-19T01:47:21.909Z] > authorizing via signed-in user (lamichache@gmail.com)
[info] i  emulators: Starting emulators: functions {"metadata":{"emulator":{"name":"hub"},"message":"Starting emulators: functions"}}
[debug] [2025-12-19T01:47:21.927Z] [logging] Logging Emulator only supports listening on one address (127.0.0.1). Not listening on ::1
[debug] [2025-12-19T01:47:21.927Z] assigned listening specs for emulators {"user":{"hub":[{"address":"127.0.0.1","family":"IPv4","port":4400},{"address":"::1","family":"IPv6","port":4400}],"ui":[{"address":"127.0.0.1","family":"IPv4","port":4000},{"address":"::1","family":"IPv6","port":4000}],"logging":[{"address":"127.0.0.1","family":"IPv4","port":4500}]},"metadata":{"message":"assigned listening specs for emulators"}}
[debug] [2025-12-19T01:47:21.938Z] Emulator locator file path: C:\Users\SURFACE\AppData\Local\Temp\hub-clone-27fc0.json
[warn] !  emulators: It seems that you are running multiple instances of the emulator suite for project clone-27fc0. This may result in unexpected behavior. 
[debug] [2025-12-19T01:47:21.941Z] [hub] writing locator at C:\Users\SURFACE\AppData\Local\Temp\hub-clone-27fc0.json
[debug] [2025-12-19T01:47:21.969Z] [functions] Functions Emulator only supports listening on one address (127.0.0.1). Not listening on ::1
[debug] [2025-12-19T01:47:21.969Z] [eventarc] Eventarc Emulator only supports listening on one address (127.0.0.1). Not listening on ::1
[debug] [2025-12-19T01:47:21.969Z] [tasks] Cloud Tasks Emulator only supports listening on one address (127.0.0.1). Not listening on ::1
[debug] [2025-12-19T01:47:21.970Z] late-assigned ports for functions and eventarc emulators {"user":{"hub":[{"address":"127.0.0.1","family":"IPv4","port":4400},{"address":"::1","family":"IPv6","port":4400}],"ui":[{"address":"127.0.0.1","family":"IPv4","port":4000},{"address":"::1","family":"IPv6","port":4000}],"logging":[{"address":"127.0.0.1","family":"IPv4","port":4500}],"functions":[{"address":"127.0.0.1","family":"IPv4","port":5001}],"eventarc":[{"address":"127.0.0.1","family":"IPv4","port":9299}],"tasks":[{"address":"127.0.0.1","family":"IPv4","port":9499}]},"metadata":{"message":"late-assigned ports for functions and eventarc emulators"}}
[warn] !  functions: The following emulators are not running, calls to these services from the Functions emulator will affect production: apphosting, auth, firestore, database, hosting, pubsub, storage, dataconnect {"metadata":{"emulator":{"name":"functions"},"message":"The following emulators are not running, calls to these services from the Functions emulator will affect production: \u001b[1mapphosting, auth, firestore, database, hosting, pubsub, storage, dataconnect\u001b[22m"}}
[debug] [2025-12-19T01:47:21.994Z] defaultcredentials: writing to file C:\Users\SURFACE\AppData\Roaming\firebase\lamichache_gmail_com_application_default_credentials.json
[debug] [2025-12-19T01:47:21.997Z] Setting GAC to C:\Users\SURFACE\AppData\Roaming\firebase\lamichache_gmail_com_application_default_credentials.json {"metadata":{"emulator":{"name":"functions"},"message":"Setting GAC to C:\\Users\\SURFACE\\AppData\\Roaming\\firebase\\lamichache_gmail_com_application_default_credentials.json"}}
[debug] [2025-12-19T01:47:21.999Z] Checked if tokens are valid: false, expires at: 1766082425747
[debug] [2025-12-19T01:47:22.000Z] Checked if tokens are valid: false, expires at: 1766082425747
[debug] [2025-12-19T01:47:22.000Z] > refreshing access token with scopes: []
[debug] [2025-12-19T01:47:22.006Z] >>> [apiv2][query] POST https://www.googleapis.com/oauth2/v3/token [none]
[debug] [2025-12-19T01:47:22.006Z] >>> [apiv2][body] POST https://www.googleapis.com/oauth2/v3/token [omitted]
[debug] [2025-12-19T01:47:22.373Z] <<< [apiv2][status] POST https://www.googleapis.com/oauth2/v3/token 200
[debug] [2025-12-19T01:47:22.374Z] <<< [apiv2][body] POST https://www.googleapis.com/oauth2/v3/token [omitted]
[debug] [2025-12-19T01:47:22.405Z] >>> [apiv2][query] GET https://firebase.googleapis.com/v1beta1/projects/clone-27fc0/adminSdkConfig [none]
[debug] [2025-12-19T01:47:23.157Z] <<< [apiv2][status] GET https://firebase.googleapis.com/v1beta1/projects/clone-27fc0/adminSdkConfig 200
[debug] [2025-12-19T01:47:23.158Z] <<< [apiv2][body] GET https://firebase.googleapis.com/v1beta1/projects/clone-27fc0/adminSdkConfig {"projectId":"clone-27fc0","storageBucket":"clone-27fc0.firebasestorage.app"}
[info] i  functions: Watching "C:\Users\SURFACE\Desktop\ALL IN 1\PROJECTS\REACT\amazonfrontend\functions" for Cloud Functions... {"metadata":{"emulator":{"name":"functions"},"message":"Watching \"C:\\Users\\SURFACE\\Desktop\\ALL IN 1\\PROJECTS\\REACT\\amazonfrontend\\functions\" for Cloud Functions..."}}
[debug] [2025-12-19T01:47:23.219Z] Validating nodejs source
[warn] !  functions: package.json indicates an outdated version of firebase-functions. Please upgrade using npm install --save firebase-functions@latest in your functions directory. 
[debug] [2025-12-19T01:47:25.574Z] > [functions] package.json contents: {
  "name": "functions",
  "description": "Cloud Functions for Firebase",
  "scripts": {
    "serve": "firebase emulators:start --only functions",
    "shell": "firebase functions:shell",
    "start": "npm run shell",
    "deploy": "firebase deploy --only functions",
    "logs": "firebase functions:log"
  },
  "engines": {
    "node": "24"
  },
  "main": "index.js",
  "dependencies": {
    "firebase-admin": "^13.6.0",
    "firebase-functions": "^7.0.0"
  },
  "devDependencies": {
    "firebase-functions-test": "^3.4.1"
  },
  "private": true
}
[debug] [2025-12-19T01:47:25.574Z] Building nodejs source
[debug] [2025-12-19T01:47:25.575Z] Failed to find version of module node: reached end of search path C:\Users\SURFACE\Desktop\ALL IN 1\PROJECTS\REACT\amazonfrontend\functions\node_modules
[info] +  functions: Using node@24 from host. 
[info] i  functions: Loaded environment variables from .env. 
[debug] [2025-12-19T01:47:25.582Z] Could not find functions.yaml. Must use http discovery
[debug] [2025-12-19T01:47:25.594Z] Found firebase-functions binary at 'C:\Users\SURFACE\Desktop\ALL IN 1\PROJECTS\REACT\amazonfrontend\functions\node_modules\.bin\firebase-functions'
[info] Serving at port 8731

[info] [dotenv@17.2.3] injecting env (1) from .env -- tip: ðŸ› ï¸  run anywhere with `dotenvx run -- yourcommand`

[debug] [2025-12-19T01:47:28.117Z] Got response from /__/functions.yaml {"endpoints":{"api":{"availableMemoryMb":null,"timeoutSeconds":null,"minInstances":null,"maxInstances":null,"ingressSettings":null,"concurrency":null,"serviceAccountEmail":null,"vpc":null,"platform":"gcfv2","labels":{},"httpsTrigger":{},"entryPoint":"api"}},"specVersion":"v1alpha1","requiredAPIs":[],"extensions":{}}
[info] +  functions: Loaded functions definitions from source: api. {"metadata":{"emulator":{"name":"functions"},"message":"Loaded functions definitions from source: api."}}
[info] +  functions[us-central1-api]: http function initialized (http://127.0.0.1:5001/clone-27fc0/us-central1/api). {"metadata":{"emulator":{"name":"functions"},"message":"\u001b[1mhttp\u001b[22m function initialized (http://127.0.0.1:5001/clone-27fc0/us-central1/api)."}}
[debug] [2025-12-19T01:47:32.255Z] Could not find VSCode notification endpoint: FetchError: request to http://localhost:40001/vscode/notify failed, reason: . If you are not running the Firebase Data Connect VSCode extension, this is expected and not an issue.
[info] 
â”Œâ”€â”€â”€â”€â”€â”€â”€â”€â”€â”€â”€â”€â”€â”€â”€â”€â”€â”€â”€â”€â”€â”€â”€â”€â”€â”€â”€â”€â”€â”€â”€â”€â”€â”€â”€â”€â”€â”€â”€â”€â”€â”€â”€â”€â”€â”€â”€â”€â”€â”€â”€â”€â”€â”€â”€â”€â”€â”€â”€â”€â”€â”
â”‚ âœ”  All emulators ready! It is now safe to connect your app. â”‚
â”‚ i  View Emulator UI at http://127.0.0.1:4000/               â”‚
â””â”€â”€â”€â”€â”€â”€â”€â”€â”€â”€â”€â”€â”€â”€â”€â”€â”€â”€â”€â”€â”€â”€â”€â”€â”€â”€â”€â”€â”€â”€â”€â”€â”€â”€â”€â”€â”€â”€â”€â”€â”€â”€â”€â”€â”€â”€â”€â”€â”€â”€â”€â”€â”€â”€â”€â”€â”€â”€â”€â”€â”€â”˜

â”Œâ”€â”€â”€â”€â”€â”€â”€â”€â”€â”€â”€â”¬â”€â”€â”€â”€â”€â”€â”€â”€â”€â”€â”€â”€â”€â”€â”€â”€â”¬â”€â”€â”€â”€â”€â”€â”€â”€â”€â”€â”€â”€â”€â”€â”€â”€â”€â”€â”€â”€â”€â”€â”€â”€â”€â”€â”€â”€â”€â”€â”€â”€â”€â”
â”‚ Emulator  â”‚ Host:Port      â”‚ View in Emulator UI             â”‚
â”œâ”€â”€â”€â”€â”€â”€â”€â”€â”€â”€â”€â”¼â”€â”€â”€â”€â”€â”€â”€â”€â”€â”€â”€â”€â”€â”€â”€â”€â”¼â”€â”€â”€â”€â”€â”€â”€â”€â”€â”€â”€â”€â”€â”€â”€â”€â”€â”€â”€â”€â”€â”€â”€â”€â”€â”€â”€â”€â”€â”€â”€â”€â”€â”¤
â”‚ Functions â”‚ 127.0.0.1:5001 â”‚ http://127.0.0.1:4000/functions â”‚
â””â”€â”€â”€â”€â”€â”€â”€â”€â”€â”€â”€â”´â”€â”€â”€â”€â”€â”€â”€â”€â”€â”€â”€â”€â”€â”€â”€â”€â”´â”€â”€â”€â”€â”€â”€â”€â”€â”€â”€â”€â”€â”€â”€â”€â”€â”€â”€â”€â”€â”€â”€â”€â”€â”€â”€â”€â”€â”€â”€â”€â”€â”€â”˜
  Emulator Hub host: 127.0.0.1 port: 4400
  Other reserved ports: 4500

Issues? Report them at https://github.com/firebase/firebase-tools/issues and attach the *-debug.log files.
 
